{"/Users/kundan/Workspace/Clients/Harleen Kaur(Mullhi)/Resume-Mango/user-dashboard/src/apis/calendar.ts": {"path":"/Users/kundan/Workspace/Clients/Harleen Kaur(Mullhi)/Resume-Mango/user-dashboard/src/apis/calendar.ts","statementMap":{"0":{"start":{"line":1,"column":0},"end":{"line":1,"column":50}},"1":{"start":{"line":12,"column":30},"end":{"line":38,"column":null}},"2":{"start":{"line":12,"column":69},"end":{"line":38,"column":null}},"3":{"start":{"line":16,"column":66},"end":{"line":16,"column":73}},"4":{"start":{"line":18,"column":2},"end":{"line":37,"column":null}},"5":{"start":{"line":19,"column":20},"end":{"line":30,"column":null}},"6":{"start":{"line":31,"column":16},"end":{"line":31,"column":43}},"7":{"start":{"line":32,"column":4},"end":{"line":32,"column":null}},"8":{"start":{"line":33,"column":4},"end":{"line":33,"column":null}},"9":{"start":{"line":34,"column":4},"end":{"line":34,"column":null}},"10":{"start":{"line":36,"column":4},"end":{"line":36,"column":null}},"11":{"start":{"line":12,"column":13},"end":{"line":12,"column":30}},"12":{"start":{"line":40,"column":30},"end":{"line":69,"column":null}},"13":{"start":{"line":42,"column":4},"end":{"line":69,"column":null}},"14":{"start":{"line":46,"column":70},"end":{"line":46,"column":77}},"15":{"start":{"line":48,"column":2},"end":{"line":68,"column":null}},"16":{"start":{"line":49,"column":20},"end":{"line":61,"column":null}},"17":{"start":{"line":62,"column":16},"end":{"line":62,"column":43}},"18":{"start":{"line":63,"column":4},"end":{"line":63,"column":null}},"19":{"start":{"line":64,"column":4},"end":{"line":64,"column":null}},"20":{"start":{"line":65,"column":4},"end":{"line":65,"column":null}},"21":{"start":{"line":67,"column":4},"end":{"line":67,"column":null}},"22":{"start":{"line":40,"column":13},"end":{"line":40,"column":30}},"23":{"start":{"line":71,"column":30},"end":{"line":89,"column":null}},"24":{"start":{"line":71,"column":51},"end":{"line":89,"column":null}},"25":{"start":{"line":74,"column":2},"end":{"line":88,"column":null}},"26":{"start":{"line":75,"column":20},"end":{"line":81,"column":null}},"27":{"start":{"line":82,"column":16},"end":{"line":82,"column":43}},"28":{"start":{"line":83,"column":4},"end":{"line":83,"column":null}},"29":{"start":{"line":84,"column":4},"end":{"line":84,"column":null}},"30":{"start":{"line":85,"column":4},"end":{"line":85,"column":null}},"31":{"start":{"line":87,"column":4},"end":{"line":87,"column":null}},"32":{"start":{"line":71,"column":13},"end":{"line":71,"column":30}}},"fnMap":{"0":{"name":"(anonymous_8)","decl":{"start":{"line":12,"column":30},"end":{"line":12,"column":37}},"loc":{"start":{"line":12,"column":69},"end":{"line":38,"column":null}}},"1":{"name":"(anonymous_9)","decl":{"start":{"line":12,"column":69},"end":{"line":12,"column":null}},"loc":{"start":{"line":12,"column":69},"end":{"line":38,"column":1}}},"2":{"name":"(anonymous_10)","decl":{"start":{"line":40,"column":30},"end":{"line":40,"column":null}},"loc":{"start":{"line":42,"column":4},"end":{"line":69,"column":null}}},"3":{"name":"(anonymous_11)","decl":{"start":{"line":42,"column":4},"end":{"line":42,"column":null}},"loc":{"start":{"line":42,"column":4},"end":{"line":69,"column":1}}},"4":{"name":"(anonymous_12)","decl":{"start":{"line":71,"column":30},"end":{"line":71,"column":37}},"loc":{"start":{"line":71,"column":51},"end":{"line":89,"column":null}}},"5":{"name":"(anonymous_13)","decl":{"start":{"line":71,"column":51},"end":{"line":71,"column":null}},"loc":{"start":{"line":71,"column":51},"end":{"line":89,"column":1}}}},"branchMap":{},"s":{"0":1,"1":1,"2":2,"3":2,"4":2,"5":2,"6":2,"7":1,"8":1,"9":1,"10":1,"11":1,"12":1,"13":2,"14":2,"15":2,"16":2,"17":2,"18":1,"19":1,"20":1,"21":1,"22":1,"23":1,"24":2,"25":2,"26":2,"27":2,"28":1,"29":1,"30":1,"31":1,"32":1},"f":{"0":2,"1":2,"2":2,"3":2,"4":2,"5":2},"b":{}}
,"/Users/kundan/Workspace/Clients/Harleen Kaur(Mullhi)/Resume-Mango/user-dashboard/src/apis/coverLetter.ts": {"path":"/Users/kundan/Workspace/Clients/Harleen Kaur(Mullhi)/Resume-Mango/user-dashboard/src/apis/coverLetter.ts","statementMap":{"0":{"start":{"line":1,"column":0},"end":{"line":1,"column":25}},"1":{"start":{"line":2,"column":0},"end":{"line":2,"column":50}},"2":{"start":{"line":4,"column":35},"end":{"line":17,"column":null}},"3":{"start":{"line":4,"column":70},"end":{"line":17,"column":null}},"4":{"start":{"line":6,"column":18},"end":{"line":10,"column":null}},"5":{"start":{"line":11,"column":2},"end":{"line":16,"column":null}},"6":{"start":{"line":12,"column":4},"end":{"line":12,"column":null}},"7":{"start":{"line":13,"column":4},"end":{"line":13,"column":null}},"8":{"start":{"line":15,"column":4},"end":{"line":15,"column":null}},"9":{"start":{"line":4,"column":13},"end":{"line":4,"column":35}},"10":{"start":{"line":19,"column":30},"end":{"line":39,"column":null}},"11":{"start":{"line":19,"column":62},"end":{"line":39,"column":null}},"12":{"start":{"line":23,"column":18},"end":{"line":29,"column":null}},"13":{"start":{"line":31,"column":2},"end":{"line":38,"column":null}},"14":{"start":{"line":32,"column":16},"end":{"line":32,"column":43}},"15":{"start":{"line":33,"column":4},"end":{"line":33,"column":null}},"16":{"start":{"line":34,"column":4},"end":{"line":34,"column":null}},"17":{"start":{"line":35,"column":4},"end":{"line":35,"column":null}},"18":{"start":{"line":37,"column":4},"end":{"line":37,"column":null}},"19":{"start":{"line":19,"column":13},"end":{"line":19,"column":30}},"20":{"start":{"line":43,"column":33},"end":{"line":68,"column":null}},"21":{"start":{"line":43,"column":56},"end":{"line":68,"column":null}},"22":{"start":{"line":44,"column":2},"end":{"line":46,"column":null}},"23":{"start":{"line":45,"column":4},"end":{"line":45,"column":null}},"24":{"start":{"line":48,"column":2},"end":{"line":48,"column":null}},"25":{"start":{"line":50,"column":18},"end":{"line":55,"column":null}},"26":{"start":{"line":57,"column":41},"end":{"line":66,"column":6}},"27":{"start":{"line":60,"column":6},"end":{"line":60,"column":null}},"28":{"start":{"line":64,"column":8},"end":{"line":64,"column":null}},"29":{"start":{"line":67,"column":2},"end":{"line":67,"column":null}},"30":{"start":{"line":43,"column":13},"end":{"line":43,"column":33}},"31":{"start":{"line":70,"column":33},"end":{"line":87,"column":null}},"32":{"start":{"line":70,"column":54},"end":{"line":87,"column":null}},"33":{"start":{"line":74,"column":18},"end":{"line":77,"column":null}},"34":{"start":{"line":79,"column":2},"end":{"line":86,"column":null}},"35":{"start":{"line":80,"column":16},"end":{"line":80,"column":43}},"36":{"start":{"line":81,"column":4},"end":{"line":81,"column":null}},"37":{"start":{"line":82,"column":4},"end":{"line":82,"column":null}},"38":{"start":{"line":83,"column":4},"end":{"line":83,"column":null}},"39":{"start":{"line":85,"column":4},"end":{"line":85,"column":null}},"40":{"start":{"line":70,"column":13},"end":{"line":70,"column":33}}},"fnMap":{"0":{"name":"(anonymous_8)","decl":{"start":{"line":4,"column":35},"end":{"line":4,"column":42}},"loc":{"start":{"line":4,"column":70},"end":{"line":17,"column":null}}},"1":{"name":"(anonymous_9)","decl":{"start":{"line":4,"column":70},"end":{"line":4,"column":null}},"loc":{"start":{"line":4,"column":70},"end":{"line":17,"column":1}}},"2":{"name":"(anonymous_10)","decl":{"start":{"line":19,"column":30},"end":{"line":19,"column":37}},"loc":{"start":{"line":19,"column":62},"end":{"line":39,"column":null}}},"3":{"name":"(anonymous_11)","decl":{"start":{"line":19,"column":62},"end":{"line":19,"column":null}},"loc":{"start":{"line":19,"column":62},"end":{"line":39,"column":1}}},"4":{"name":"(anonymous_12)","decl":{"start":{"line":43,"column":33},"end":{"line":43,"column":40}},"loc":{"start":{"line":43,"column":56},"end":{"line":68,"column":null}}},"5":{"name":"(anonymous_13)","decl":{"start":{"line":43,"column":56},"end":{"line":43,"column":null}},"loc":{"start":{"line":43,"column":56},"end":{"line":68,"column":1}}},"6":{"name":"(anonymous_14)","decl":{"start":{"line":59,"column":10},"end":{"line":59,"column":11}},"loc":{"start":{"line":59,"column":18},"end":{"line":61,"column":5}}},"7":{"name":"(anonymous_15)","decl":{"start":{"line":62,"column":11},"end":{"line":62,"column":12}},"loc":{"start":{"line":62,"column":26},"end":{"line":66,"column":5}}},"8":{"name":"(anonymous_16)","decl":{"start":{"line":70,"column":33},"end":{"line":70,"column":40}},"loc":{"start":{"line":70,"column":54},"end":{"line":87,"column":null}}},"9":{"name":"(anonymous_17)","decl":{"start":{"line":70,"column":54},"end":{"line":70,"column":null}},"loc":{"start":{"line":70,"column":54},"end":{"line":87,"column":1}}}},"branchMap":{"0":{"loc":{"start":{"line":44,"column":2},"end":{"line":46,"column":null}},"type":"if","locations":[{"start":{"line":44,"column":2},"end":{"line":46,"column":null}}]}},"s":{"0":9,"1":9,"2":9,"3":2,"4":2,"5":2,"6":2,"7":1,"8":1,"9":9,"10":9,"11":2,"12":2,"13":2,"14":2,"15":1,"16":1,"17":1,"18":1,"19":9,"20":9,"21":2,"22":2,"23":1,"24":2,"25":2,"26":2,"27":1,"28":1,"29":2,"30":9,"31":9,"32":2,"33":2,"34":2,"35":2,"36":1,"37":1,"38":1,"39":1,"40":9},"f":{"0":2,"1":2,"2":2,"3":2,"4":2,"5":2,"6":1,"7":1,"8":2,"9":2},"b":{"0":[1]}}
,"/Users/kundan/Workspace/Clients/Harleen Kaur(Mullhi)/Resume-Mango/user-dashboard/src/apis/progress_tracker.ts": {"path":"/Users/kundan/Workspace/Clients/Harleen Kaur(Mullhi)/Resume-Mango/user-dashboard/src/apis/progress_tracker.ts","statementMap":{"0":{"start":{"line":1,"column":0},"end":{"line":1,"column":25}},"1":{"start":{"line":5,"column":35},"end":{"line":29,"column":null}},"2":{"start":{"line":5,"column":58},"end":{"line":29,"column":null}},"3":{"start":{"line":6,"column":2},"end":{"line":8,"column":null}},"4":{"start":{"line":7,"column":4},"end":{"line":7,"column":null}},"5":{"start":{"line":10,"column":2},"end":{"line":10,"column":null}},"6":{"start":{"line":12,"column":18},"end":{"line":17,"column":null}},"7":{"start":{"line":18,"column":41},"end":{"line":27,"column":6}},"8":{"start":{"line":21,"column":6},"end":{"line":21,"column":null}},"9":{"start":{"line":25,"column":8},"end":{"line":25,"column":null}},"10":{"start":{"line":28,"column":2},"end":{"line":28,"column":null}},"11":{"start":{"line":5,"column":13},"end":{"line":5,"column":35}}},"fnMap":{"0":{"name":"(anonymous_8)","decl":{"start":{"line":5,"column":35},"end":{"line":5,"column":42}},"loc":{"start":{"line":5,"column":58},"end":{"line":29,"column":null}}},"1":{"name":"(anonymous_9)","decl":{"start":{"line":5,"column":58},"end":{"line":5,"column":null}},"loc":{"start":{"line":5,"column":58},"end":{"line":29,"column":1}}},"2":{"name":"(anonymous_10)","decl":{"start":{"line":20,"column":10},"end":{"line":20,"column":11}},"loc":{"start":{"line":20,"column":18},"end":{"line":22,"column":5}}},"3":{"name":"(anonymous_11)","decl":{"start":{"line":23,"column":11},"end":{"line":23,"column":12}},"loc":{"start":{"line":23,"column":21},"end":{"line":27,"column":5}}}},"branchMap":{"0":{"loc":{"start":{"line":6,"column":2},"end":{"line":8,"column":null}},"type":"if","locations":[{"start":{"line":6,"column":2},"end":{"line":8,"column":null}}]}},"s":{"0":3,"1":3,"2":3,"3":3,"4":1,"5":3,"6":3,"7":3,"8":1,"9":2,"10":3,"11":3},"f":{"0":3,"1":3,"2":1,"3":2},"b":{"0":[1]}}
,"/Users/kundan/Workspace/Clients/Harleen Kaur(Mullhi)/Resume-Mango/user-dashboard/src/apis/resume.ts": {"path":"/Users/kundan/Workspace/Clients/Harleen Kaur(Mullhi)/Resume-Mango/user-dashboard/src/apis/resume.ts","statementMap":{"0":{"start":{"line":1,"column":0},"end":{"line":1,"column":25}},"1":{"start":{"line":2,"column":0},"end":{"line":2,"column":50}},"2":{"start":{"line":4,"column":30},"end":{"line":17,"column":null}},"3":{"start":{"line":4,"column":65},"end":{"line":17,"column":null}},"4":{"start":{"line":6,"column":18},"end":{"line":10,"column":null}},"5":{"start":{"line":11,"column":2},"end":{"line":16,"column":null}},"6":{"start":{"line":12,"column":4},"end":{"line":12,"column":null}},"7":{"start":{"line":13,"column":4},"end":{"line":13,"column":null}},"8":{"start":{"line":15,"column":4},"end":{"line":15,"column":null}},"9":{"start":{"line":4,"column":13},"end":{"line":4,"column":30}},"10":{"start":{"line":19,"column":25},"end":{"line":39,"column":null}},"11":{"start":{"line":19,"column":57},"end":{"line":39,"column":null}},"12":{"start":{"line":23,"column":18},"end":{"line":29,"column":null}},"13":{"start":{"line":31,"column":2},"end":{"line":38,"column":null}},"14":{"start":{"line":32,"column":16},"end":{"line":32,"column":43}},"15":{"start":{"line":33,"column":4},"end":{"line":33,"column":null}},"16":{"start":{"line":34,"column":4},"end":{"line":34,"column":null}},"17":{"start":{"line":35,"column":4},"end":{"line":35,"column":null}},"18":{"start":{"line":37,"column":4},"end":{"line":37,"column":null}},"19":{"start":{"line":19,"column":13},"end":{"line":19,"column":25}},"20":{"start":{"line":43,"column":28},"end":{"line":68,"column":null}},"21":{"start":{"line":43,"column":51},"end":{"line":68,"column":null}},"22":{"start":{"line":44,"column":2},"end":{"line":46,"column":null}},"23":{"start":{"line":45,"column":4},"end":{"line":45,"column":null}},"24":{"start":{"line":48,"column":2},"end":{"line":48,"column":null}},"25":{"start":{"line":50,"column":18},"end":{"line":55,"column":null}},"26":{"start":{"line":57,"column":41},"end":{"line":66,"column":6}},"27":{"start":{"line":60,"column":6},"end":{"line":60,"column":null}},"28":{"start":{"line":64,"column":8},"end":{"line":64,"column":null}},"29":{"start":{"line":67,"column":2},"end":{"line":67,"column":null}},"30":{"start":{"line":43,"column":13},"end":{"line":43,"column":28}},"31":{"start":{"line":70,"column":29},"end":{"line":89,"column":null}},"32":{"start":{"line":70,"column":64},"end":{"line":89,"column":null}},"33":{"start":{"line":74,"column":18},"end":{"line":79,"column":null}},"34":{"start":{"line":81,"column":2},"end":{"line":88,"column":null}},"35":{"start":{"line":82,"column":16},"end":{"line":82,"column":43}},"36":{"start":{"line":83,"column":4},"end":{"line":83,"column":null}},"37":{"start":{"line":84,"column":4},"end":{"line":84,"column":null}},"38":{"start":{"line":85,"column":4},"end":{"line":85,"column":null}},"39":{"start":{"line":87,"column":4},"end":{"line":87,"column":null}},"40":{"start":{"line":70,"column":13},"end":{"line":70,"column":29}},"41":{"start":{"line":91,"column":29},"end":{"line":108,"column":null}},"42":{"start":{"line":91,"column":50},"end":{"line":108,"column":null}},"43":{"start":{"line":95,"column":18},"end":{"line":98,"column":null}},"44":{"start":{"line":100,"column":2},"end":{"line":107,"column":null}},"45":{"start":{"line":101,"column":16},"end":{"line":101,"column":43}},"46":{"start":{"line":102,"column":4},"end":{"line":102,"column":null}},"47":{"start":{"line":103,"column":4},"end":{"line":103,"column":null}},"48":{"start":{"line":104,"column":4},"end":{"line":104,"column":null}},"49":{"start":{"line":106,"column":4},"end":{"line":106,"column":null}},"50":{"start":{"line":91,"column":13},"end":{"line":91,"column":29}},"51":{"start":{"line":110,"column":28},"end":{"line":127,"column":null}},"52":{"start":{"line":110,"column":49},"end":{"line":127,"column":null}},"53":{"start":{"line":114,"column":18},"end":{"line":117,"column":null}},"54":{"start":{"line":119,"column":2},"end":{"line":126,"column":null}},"55":{"start":{"line":120,"column":16},"end":{"line":120,"column":43}},"56":{"start":{"line":121,"column":4},"end":{"line":121,"column":null}},"57":{"start":{"line":122,"column":4},"end":{"line":122,"column":null}},"58":{"start":{"line":123,"column":4},"end":{"line":123,"column":null}},"59":{"start":{"line":125,"column":4},"end":{"line":125,"column":null}},"60":{"start":{"line":110,"column":13},"end":{"line":110,"column":28}}},"fnMap":{"0":{"name":"(anonymous_8)","decl":{"start":{"line":4,"column":30},"end":{"line":4,"column":37}},"loc":{"start":{"line":4,"column":65},"end":{"line":17,"column":null}}},"1":{"name":"(anonymous_9)","decl":{"start":{"line":4,"column":65},"end":{"line":4,"column":null}},"loc":{"start":{"line":4,"column":65},"end":{"line":17,"column":1}}},"2":{"name":"(anonymous_10)","decl":{"start":{"line":19,"column":25},"end":{"line":19,"column":32}},"loc":{"start":{"line":19,"column":57},"end":{"line":39,"column":null}}},"3":{"name":"(anonymous_11)","decl":{"start":{"line":19,"column":57},"end":{"line":19,"column":null}},"loc":{"start":{"line":19,"column":57},"end":{"line":39,"column":1}}},"4":{"name":"(anonymous_12)","decl":{"start":{"line":43,"column":28},"end":{"line":43,"column":35}},"loc":{"start":{"line":43,"column":51},"end":{"line":68,"column":null}}},"5":{"name":"(anonymous_13)","decl":{"start":{"line":43,"column":51},"end":{"line":43,"column":null}},"loc":{"start":{"line":43,"column":51},"end":{"line":68,"column":1}}},"6":{"name":"(anonymous_14)","decl":{"start":{"line":59,"column":10},"end":{"line":59,"column":11}},"loc":{"start":{"line":59,"column":18},"end":{"line":61,"column":5}}},"7":{"name":"(anonymous_15)","decl":{"start":{"line":62,"column":11},"end":{"line":62,"column":12}},"loc":{"start":{"line":62,"column":21},"end":{"line":66,"column":5}}},"8":{"name":"(anonymous_16)","decl":{"start":{"line":70,"column":29},"end":{"line":70,"column":36}},"loc":{"start":{"line":70,"column":64},"end":{"line":89,"column":null}}},"9":{"name":"(anonymous_17)","decl":{"start":{"line":70,"column":64},"end":{"line":70,"column":null}},"loc":{"start":{"line":70,"column":64},"end":{"line":89,"column":1}}},"10":{"name":"(anonymous_18)","decl":{"start":{"line":91,"column":29},"end":{"line":91,"column":36}},"loc":{"start":{"line":91,"column":50},"end":{"line":108,"column":null}}},"11":{"name":"(anonymous_19)","decl":{"start":{"line":91,"column":50},"end":{"line":91,"column":null}},"loc":{"start":{"line":91,"column":50},"end":{"line":108,"column":1}}},"12":{"name":"(anonymous_20)","decl":{"start":{"line":110,"column":28},"end":{"line":110,"column":35}},"loc":{"start":{"line":110,"column":49},"end":{"line":127,"column":null}}},"13":{"name":"(anonymous_21)","decl":{"start":{"line":110,"column":49},"end":{"line":110,"column":null}},"loc":{"start":{"line":110,"column":49},"end":{"line":127,"column":1}}}},"branchMap":{"0":{"loc":{"start":{"line":44,"column":2},"end":{"line":46,"column":null}},"type":"if","locations":[{"start":{"line":44,"column":2},"end":{"line":46,"column":null}}]}},"s":{"0":5,"1":5,"2":5,"3":4,"4":4,"5":4,"6":4,"7":1,"8":3,"9":5,"10":5,"11":2,"12":2,"13":2,"14":2,"15":1,"16":1,"17":1,"18":1,"19":5,"20":5,"21":2,"22":2,"23":1,"24":2,"25":2,"26":2,"27":1,"28":1,"29":2,"30":5,"31":5,"32":2,"33":2,"34":2,"35":2,"36":1,"37":1,"38":1,"39":1,"40":5,"41":5,"42":2,"43":2,"44":2,"45":2,"46":1,"47":1,"48":1,"49":1,"50":5,"51":5,"52":2,"53":2,"54":2,"55":2,"56":1,"57":1,"58":1,"59":1,"60":5},"f":{"0":4,"1":4,"2":2,"3":2,"4":2,"5":2,"6":1,"7":1,"8":2,"9":2,"10":2,"11":2,"12":2,"13":2},"b":{"0":[1]}}
,"/Users/kundan/Workspace/Clients/Harleen Kaur(Mullhi)/Resume-Mango/user-dashboard/src/apis/subscribe.ts": {"path":"/Users/kundan/Workspace/Clients/Harleen Kaur(Mullhi)/Resume-Mango/user-dashboard/src/apis/subscribe.ts","statementMap":{"0":{"start":{"line":1,"column":0},"end":{"line":1,"column":50}},"1":{"start":{"line":8,"column":37},"end":{"line":25,"column":null}},"2":{"start":{"line":8,"column":62},"end":{"line":25,"column":null}},"3":{"start":{"line":12,"column":18},"end":{"line":15,"column":null}},"4":{"start":{"line":17,"column":2},"end":{"line":24,"column":null}},"5":{"start":{"line":18,"column":16},"end":{"line":18,"column":43}},"6":{"start":{"line":19,"column":4},"end":{"line":19,"column":null}},"7":{"start":{"line":20,"column":4},"end":{"line":20,"column":null}},"8":{"start":{"line":21,"column":4},"end":{"line":21,"column":null}},"9":{"start":{"line":23,"column":4},"end":{"line":23,"column":null}},"10":{"start":{"line":8,"column":13},"end":{"line":8,"column":37}},"11":{"start":{"line":32,"column":38},"end":{"line":49,"column":null}},"12":{"start":{"line":32,"column":63},"end":{"line":49,"column":null}},"13":{"start":{"line":36,"column":18},"end":{"line":39,"column":null}},"14":{"start":{"line":41,"column":2},"end":{"line":48,"column":null}},"15":{"start":{"line":42,"column":16},"end":{"line":42,"column":43}},"16":{"start":{"line":43,"column":4},"end":{"line":43,"column":null}},"17":{"start":{"line":44,"column":4},"end":{"line":44,"column":null}},"18":{"start":{"line":45,"column":4},"end":{"line":45,"column":null}},"19":{"start":{"line":47,"column":4},"end":{"line":47,"column":null}},"20":{"start":{"line":32,"column":13},"end":{"line":32,"column":38}},"21":{"start":{"line":57,"column":39},"end":{"line":77,"column":null}},"22":{"start":{"line":60,"column":4},"end":{"line":77,"column":null}},"23":{"start":{"line":64,"column":18},"end":{"line":67,"column":null}},"24":{"start":{"line":69,"column":2},"end":{"line":76,"column":null}},"25":{"start":{"line":70,"column":16},"end":{"line":70,"column":43}},"26":{"start":{"line":71,"column":4},"end":{"line":71,"column":null}},"27":{"start":{"line":72,"column":4},"end":{"line":72,"column":null}},"28":{"start":{"line":73,"column":4},"end":{"line":73,"column":null}},"29":{"start":{"line":75,"column":4},"end":{"line":75,"column":null}},"30":{"start":{"line":57,"column":13},"end":{"line":57,"column":39}}},"fnMap":{"0":{"name":"(anonymous_8)","decl":{"start":{"line":8,"column":37},"end":{"line":8,"column":44}},"loc":{"start":{"line":8,"column":62},"end":{"line":25,"column":null}}},"1":{"name":"(anonymous_9)","decl":{"start":{"line":8,"column":62},"end":{"line":8,"column":null}},"loc":{"start":{"line":8,"column":62},"end":{"line":25,"column":1}}},"2":{"name":"(anonymous_10)","decl":{"start":{"line":32,"column":38},"end":{"line":32,"column":45}},"loc":{"start":{"line":32,"column":63},"end":{"line":49,"column":null}}},"3":{"name":"(anonymous_11)","decl":{"start":{"line":32,"column":63},"end":{"line":32,"column":null}},"loc":{"start":{"line":32,"column":63},"end":{"line":49,"column":1}}},"4":{"name":"(anonymous_12)","decl":{"start":{"line":57,"column":39},"end":{"line":57,"column":null}},"loc":{"start":{"line":60,"column":4},"end":{"line":77,"column":null}}},"5":{"name":"(anonymous_13)","decl":{"start":{"line":60,"column":4},"end":{"line":60,"column":null}},"loc":{"start":{"line":60,"column":4},"end":{"line":77,"column":1}}}},"branchMap":{},"s":{"0":1,"1":1,"2":2,"3":2,"4":2,"5":2,"6":1,"7":1,"8":1,"9":1,"10":1,"11":1,"12":2,"13":2,"14":2,"15":2,"16":1,"17":1,"18":1,"19":1,"20":1,"21":1,"22":2,"23":2,"24":2,"25":2,"26":1,"27":1,"28":1,"29":1,"30":1},"f":{"0":2,"1":2,"2":2,"3":2,"4":2,"5":2},"b":{}}
,"/Users/kundan/Workspace/Clients/Harleen Kaur(Mullhi)/Resume-Mango/user-dashboard/src/apis/task.ts": {"path":"/Users/kundan/Workspace/Clients/Harleen Kaur(Mullhi)/Resume-Mango/user-dashboard/src/apis/task.ts","statementMap":{"0":{"start":{"line":5,"column":0},"end":{"line":5,"column":25}},"1":{"start":{"line":122,"column":32},"end":{"line":146,"column":null}},"2":{"start":{"line":122,"column":55},"end":{"line":146,"column":null}},"3":{"start":{"line":123,"column":2},"end":{"line":125,"column":null}},"4":{"start":{"line":124,"column":4},"end":{"line":124,"column":null}},"5":{"start":{"line":127,"column":2},"end":{"line":127,"column":null}},"6":{"start":{"line":129,"column":18},"end":{"line":134,"column":null}},"7":{"start":{"line":135,"column":41},"end":{"line":144,"column":6}},"8":{"start":{"line":138,"column":6},"end":{"line":138,"column":null}},"9":{"start":{"line":142,"column":8},"end":{"line":142,"column":null}},"10":{"start":{"line":145,"column":2},"end":{"line":145,"column":null}},"11":{"start":{"line":122,"column":13},"end":{"line":122,"column":32}}},"fnMap":{"0":{"name":"(anonymous_8)","decl":{"start":{"line":122,"column":32},"end":{"line":122,"column":39}},"loc":{"start":{"line":122,"column":55},"end":{"line":146,"column":null}}},"1":{"name":"(anonymous_9)","decl":{"start":{"line":122,"column":55},"end":{"line":122,"column":null}},"loc":{"start":{"line":122,"column":55},"end":{"line":146,"column":1}}},"2":{"name":"(anonymous_10)","decl":{"start":{"line":137,"column":10},"end":{"line":137,"column":11}},"loc":{"start":{"line":137,"column":18},"end":{"line":139,"column":5}}},"3":{"name":"(anonymous_11)","decl":{"start":{"line":140,"column":11},"end":{"line":140,"column":12}},"loc":{"start":{"line":140,"column":21},"end":{"line":144,"column":5}}}},"branchMap":{"0":{"loc":{"start":{"line":123,"column":2},"end":{"line":125,"column":null}},"type":"if","locations":[{"start":{"line":123,"column":2},"end":{"line":125,"column":null}}]}},"s":{"0":3,"1":3,"2":3,"3":3,"4":1,"5":3,"6":3,"7":3,"8":1,"9":2,"10":3,"11":3},"f":{"0":3,"1":3,"2":1,"3":2},"b":{"0":[1]}}
,"/Users/kundan/Workspace/Clients/Harleen Kaur(Mullhi)/Resume-Mango/user-dashboard/src/apis/user.ts": {"path":"/Users/kundan/Workspace/Clients/Harleen Kaur(Mullhi)/Resume-Mango/user-dashboard/src/apis/user.ts","statementMap":{"0":{"start":{"line":1,"column":0},"end":{"line":1,"column":50}},"1":{"start":{"line":7,"column":33},"end":{"line":24,"column":null}},"2":{"start":{"line":7,"column":44},"end":{"line":24,"column":null}},"3":{"start":{"line":11,"column":18},"end":{"line":14,"column":null}},"4":{"start":{"line":16,"column":2},"end":{"line":23,"column":null}},"5":{"start":{"line":17,"column":16},"end":{"line":17,"column":43}},"6":{"start":{"line":18,"column":4},"end":{"line":18,"column":null}},"7":{"start":{"line":19,"column":4},"end":{"line":19,"column":null}},"8":{"start":{"line":20,"column":4},"end":{"line":20,"column":null}},"9":{"start":{"line":22,"column":4},"end":{"line":22,"column":null}},"10":{"start":{"line":7,"column":13},"end":{"line":7,"column":33}}},"fnMap":{"0":{"name":"(anonymous_8)","decl":{"start":{"line":7,"column":33},"end":{"line":7,"column":42}},"loc":{"start":{"line":7,"column":44},"end":{"line":24,"column":null}}},"1":{"name":"(anonymous_9)","decl":{"start":{"line":7,"column":44},"end":{"line":7,"column":null}},"loc":{"start":{"line":7,"column":44},"end":{"line":24,"column":1}}}},"branchMap":{},"s":{"0":2,"1":2,"2":2,"3":2,"4":2,"5":2,"6":1,"7":1,"8":1,"9":1,"10":2},"f":{"0":2,"1":2},"b":{}}
,"/Users/kundan/Workspace/Clients/Harleen Kaur(Mullhi)/Resume-Mango/user-dashboard/src/contexts/authProvider.tsx": {"path":"/Users/kundan/Workspace/Clients/Harleen Kaur(Mullhi)/Resume-Mango/user-dashboard/src/contexts/authProvider.tsx","statementMap":{"0":{"start":{"line":1,"column":0},"end":{"line":1,"column":61}},"1":{"start":{"line":2,"column":0},"end":{"line":2,"column":38}},"2":{"start":{"line":3,"column":0},"end":{"line":3,"column":56}},"3":{"start":{"line":4,"column":0},"end":{"line":4,"column":46}},"4":{"start":{"line":35,"column":20},"end":{"line":35,"column":64}},"5":{"start":{"line":37,"column":21},"end":{"line":75,"column":1}},"6":{"start":{"line":38,"column":28},"end":{"line":38,"column":40}},"7":{"start":{"line":39,"column":26},"end":{"line":39,"column":66}},"8":{"start":{"line":40,"column":36},"end":{"line":40,"column":50}},"9":{"start":{"line":41,"column":18},"end":{"line":41,"column":31}},"10":{"start":{"line":42,"column":17},"end":{"line":42,"column":37}},"11":{"start":{"line":43,"column":29},"end":{"line":43,"column":45}},"12":{"start":{"line":44,"column":19},"end":{"line":44,"column":104}},"13":{"start":{"line":46,"column":20},"end":{"line":48,"column":null}},"14":{"start":{"line":46,"column":31},"end":{"line":48,"column":null}},"15":{"start":{"line":47,"column":4},"end":{"line":47,"column":null}},"16":{"start":{"line":49,"column":2},"end":{"line":60,"column":null}},"17":{"start":{"line":50,"column":4},"end":{"line":50,"column":31}},"18":{"start":{"line":50,"column":25},"end":{"line":50,"column":31}},"19":{"start":{"line":52,"column":4},"end":{"line":59,"column":null}},"20":{"start":{"line":53,"column":6},"end":{"line":53,"column":23}},"21":{"start":{"line":53,"column":17},"end":{"line":53,"column":23}},"22":{"start":{"line":54,"column":6},"end":{"line":54,"column":null}},"23":{"start":{"line":56,"column":6},"end":{"line":56,"column":null}},"24":{"start":{"line":57,"column":6},"end":{"line":57,"column":null}},"25":{"start":{"line":58,"column":6},"end":{"line":58,"column":null}},"26":{"start":{"line":62,"column":2},"end":{"line":74,"column":null}},"27":{"start":{"line":84,"column":9},"end":{"line":84,"column":21}},"28":{"start":{"line":77,"column":16},"end":{"line":82,"column":1}},"29":{"start":{"line":79,"column":4},"end":{"line":79,"column":33}},"30":{"start":{"line":81,"column":2},"end":{"line":81,"column":null}},"31":{"start":{"line":84,"column":23},"end":{"line":84,"column":30}}},"fnMap":{"0":{"name":"(anonymous_14)","decl":{"start":{"line":37,"column":21},"end":{"line":37,"column":22}},"loc":{"start":{"line":37,"column":63},"end":{"line":75,"column":1}}},"1":{"name":"(anonymous_15)","decl":{"start":{"line":46,"column":20},"end":{"line":46,"column":29}},"loc":{"start":{"line":46,"column":31},"end":{"line":48,"column":null}}},"2":{"name":"(anonymous_16)","decl":{"start":{"line":46,"column":31},"end":{"line":46,"column":null}},"loc":{"start":{"line":46,"column":31},"end":{"line":48,"column":3}}},"3":{"name":"(anonymous_17)","decl":{"start":{"line":49,"column":12},"end":{"line":49,"column":15}},"loc":{"start":{"line":49,"column":17},"end":{"line":60,"column":3}}},"4":{"name":"(anonymous_18)","decl":{"start":{"line":77,"column":16},"end":{"line":77,"column":19}},"loc":{"start":{"line":77,"column":21},"end":{"line":82,"column":1}}}},"branchMap":{"0":{"loc":{"start":{"line":50,"column":4},"end":{"line":50,"column":31}},"type":"if","locations":[{"start":{"line":50,"column":4},"end":{"line":50,"column":31}}]},"1":{"loc":{"start":{"line":52,"column":4},"end":{"line":59,"column":null}},"type":"if","locations":[{"start":{"line":52,"column":4},"end":{"line":59,"column":null}},{"start":{"line":55,"column":11},"end":{"line":59,"column":null}}]},"2":{"loc":{"start":{"line":53,"column":6},"end":{"line":53,"column":23}},"type":"if","locations":[{"start":{"line":53,"column":6},"end":{"line":53,"column":23}}]}},"s":{"0":15,"1":15,"2":15,"3":15,"4":15,"5":15,"6":8,"7":8,"8":8,"9":8,"10":8,"11":8,"12":8,"13":8,"14":1,"15":1,"16":8,"17":4,"18":0,"19":4,"20":3,"21":2,"22":1,"23":1,"24":1,"25":1,"26":8,"27":15,"28":15,"29":12,"30":12,"31":15},"f":{"0":8,"1":1,"2":1,"3":4,"4":12},"b":{"0":[0],"1":[3,1],"2":[2]}}
,"/Users/kundan/Workspace/Clients/Harleen Kaur(Mullhi)/Resume-Mango/user-dashboard/src/contexts/coverLetter.tsx": {"path":"/Users/kundan/Workspace/Clients/Harleen Kaur(Mullhi)/Resume-Mango/user-dashboard/src/contexts/coverLetter.tsx","statementMap":{"0":{"start":{"line":1,"column":0},"end":{"line":1,"column":50}},"1":{"start":{"line":2,"column":0},"end":{"line":2,"column":55}},"2":{"start":{"line":4,"column":0},"end":{"line":4,"column":38}},"3":{"start":{"line":5,"column":0},"end":{"line":5,"column":36}},"4":{"start":{"line":6,"column":0},"end":{"line":6,"column":44}},"5":{"start":{"line":7,"column":0},"end":{"line":7,"column":70}},"6":{"start":{"line":8,"column":0},"end":{"line":8,"column":53}},"7":{"start":{"line":9,"column":0},"end":{"line":9,"column":69}},"8":{"start":{"line":10,"column":0},"end":{"line":10,"column":48}},"9":{"start":{"line":11,"column":0},"end":{"line":11,"column":null}},"10":{"start":{"line":32,"column":22},"end":{"line":43,"column":null}},"11":{"start":{"line":65,"column":27},"end":{"line":65,"column":70}},"12":{"start":{"line":67,"column":28},"end":{"line":365,"column":1}},"13":{"start":{"line":68,"column":34},"end":{"line":68,"column":49}},"14":{"start":{"line":69,"column":38},"end":{"line":69,"column":53}},"15":{"start":{"line":70,"column":34},"end":{"line":70,"column":55}},"16":{"start":{"line":71,"column":42},"end":{"line":71,"column":57}},"17":{"start":{"line":72,"column":44},"end":{"line":72,"column":59}},"18":{"start":{"line":73,"column":26},"end":{"line":73,"column":37}},"19":{"start":{"line":74,"column":34},"end":{"line":74,"column":49}},"20":{"start":{"line":76,"column":24},"end":{"line":76,"column":35}},"21":{"start":{"line":77,"column":22},"end":{"line":77,"column":38}},"22":{"start":{"line":79,"column":18},"end":{"line":84,"column":4}},"23":{"start":{"line":90,"column":6},"end":{"line":90,"column":70}},"24":{"start":{"line":99,"column":6},"end":{"line":99,"column":13}},"25":{"start":{"line":101,"column":2},"end":{"line":128,"column":null}},"26":{"start":{"line":102,"column":4},"end":{"line":102,"column":28}},"27":{"start":{"line":102,"column":22},"end":{"line":102,"column":28}},"28":{"start":{"line":103,"column":4},"end":{"line":105,"column":null}},"29":{"start":{"line":104,"column":6},"end":{"line":104,"column":null}},"30":{"start":{"line":107,"column":23},"end":{"line":107,"column":34}},"31":{"start":{"line":109,"column":4},"end":{"line":109,"column":23}},"32":{"start":{"line":109,"column":17},"end":{"line":109,"column":23}},"33":{"start":{"line":110,"column":21},"end":{"line":121,"column":null}},"34":{"start":{"line":122,"column":4},"end":{"line":126,"column":null}},"35":{"start":{"line":127,"column":4},"end":{"line":127,"column":null}},"36":{"start":{"line":130,"column":2},"end":{"line":132,"column":null}},"37":{"start":{"line":131,"column":4},"end":{"line":131,"column":null}},"38":{"start":{"line":134,"column":28},"end":{"line":137,"column":null}},"39":{"start":{"line":134,"column":39},"end":{"line":137,"column":null}},"40":{"start":{"line":135,"column":4},"end":{"line":135,"column":null}},"41":{"start":{"line":136,"column":4},"end":{"line":136,"column":null}},"42":{"start":{"line":139,"column":2},"end":{"line":171,"column":null}},"43":{"start":{"line":140,"column":4},"end":{"line":146,"column":12}},"44":{"start":{"line":146,"column":6},"end":{"line":146,"column":12}},"45":{"start":{"line":147,"column":4},"end":{"line":147,"column":null}},"46":{"start":{"line":148,"column":4},"end":{"line":148,"column":null}},"47":{"start":{"line":170,"column":4},"end":{"line":170,"column":null}},"48":{"start":{"line":170,"column":17},"end":{"line":170,"column":36}},"49":{"start":{"line":173,"column":2},"end":{"line":200,"column":null}},"50":{"start":{"line":174,"column":4},"end":{"line":174,"column":54}},"51":{"start":{"line":174,"column":48},"end":{"line":174,"column":54}},"52":{"start":{"line":175,"column":16},"end":{"line":175,"column":52}},"53":{"start":{"line":176,"column":4},"end":{"line":178,"column":null}},"54":{"start":{"line":177,"column":6},"end":{"line":177,"column":null}},"55":{"start":{"line":180,"column":17},"end":{"line":180,"column":47}},"56":{"start":{"line":181,"column":4},"end":{"line":181,"column":null}},"57":{"start":{"line":182,"column":4},"end":{"line":182,"column":null}},"58":{"start":{"line":183,"column":4},"end":{"line":183,"column":null}},"59":{"start":{"line":184,"column":4},"end":{"line":187,"column":null}},"60":{"start":{"line":196,"column":4},"end":{"line":196,"column":null}},"61":{"start":{"line":197,"column":4},"end":{"line":199,"column":null}},"62":{"start":{"line":198,"column":6},"end":{"line":198,"column":null}},"63":{"start":{"line":202,"column":19},"end":{"line":202,"column":26}},"64":{"start":{"line":204,"column":16},"end":{"line":204,"column":31}},"65":{"start":{"line":205,"column":31},"end":{"line":205,"column":79}},"66":{"start":{"line":207,"column":2},"end":{"line":211,"column":null}},"67":{"start":{"line":208,"column":4},"end":{"line":210,"column":null}},"68":{"start":{"line":209,"column":6},"end":{"line":209,"column":null}},"69":{"start":{"line":213,"column":28},"end":{"line":340,"column":null}},"70":{"start":{"line":216,"column":6},"end":{"line":340,"column":null}},"71":{"start":{"line":217,"column":23},"end":{"line":229,"column":null}},"72":{"start":{"line":217,"column":43},"end":{"line":229,"column":null}},"73":{"start":{"line":218,"column":6},"end":{"line":228,"column":null}},"74":{"start":{"line":314,"column":4},"end":{"line":323,"column":null}},"75":{"start":{"line":315,"column":6},"end":{"line":315,"column":null}},"76":{"start":{"line":316,"column":6},"end":{"line":322,"column":null}},"77":{"start":{"line":317,"column":8},"end":{"line":321,"column":null}},"78":{"start":{"line":325,"column":4},"end":{"line":339,"column":null}},"79":{"start":{"line":326,"column":6},"end":{"line":326,"column":null}},"80":{"start":{"line":327,"column":6},"end":{"line":327,"column":null}},"81":{"start":{"line":328,"column":6},"end":{"line":328,"column":null}},"82":{"start":{"line":330,"column":6},"end":{"line":330,"column":null}},"83":{"start":{"line":331,"column":19},"end":{"line":331,"column":38}},"84":{"start":{"line":332,"column":6},"end":{"line":337,"column":null}},"85":{"start":{"line":338,"column":6},"end":{"line":338,"column":null}},"86":{"start":{"line":342,"column":2},"end":{"line":364,"column":null}},"87":{"start":{"line":397,"column":9},"end":{"line":397,"column":28}},"88":{"start":{"line":367,"column":0},"end":{"line":367,"column":null}},"89":{"start":{"line":369,"column":23},"end":{"line":395,"column":1}},"90":{"start":{"line":381,"column":6},"end":{"line":381,"column":42}},"91":{"start":{"line":383,"column":2},"end":{"line":394,"column":null}},"92":{"start":{"line":397,"column":30},"end":{"line":397,"column":44}}},"fnMap":{"0":{"name":"(anonymous_13)","decl":{"start":{"line":67,"column":28},"end":{"line":67,"column":29}},"loc":{"start":{"line":67,"column":77},"end":{"line":365,"column":1}}},"1":{"name":"(anonymous_14)","decl":{"start":{"line":101,"column":12},"end":{"line":101,"column":15}},"loc":{"start":{"line":101,"column":17},"end":{"line":128,"column":3}}},"2":{"name":"(anonymous_15)","decl":{"start":{"line":130,"column":12},"end":{"line":130,"column":15}},"loc":{"start":{"line":130,"column":17},"end":{"line":132,"column":3}}},"3":{"name":"(anonymous_16)","decl":{"start":{"line":134,"column":28},"end":{"line":134,"column":37}},"loc":{"start":{"line":134,"column":39},"end":{"line":137,"column":null}}},"4":{"name":"(anonymous_17)","decl":{"start":{"line":134,"column":39},"end":{"line":134,"column":null}},"loc":{"start":{"line":134,"column":39},"end":{"line":137,"column":3}}},"5":{"name":"(anonymous_18)","decl":{"start":{"line":139,"column":12},"end":{"line":139,"column":15}},"loc":{"start":{"line":139,"column":17},"end":{"line":171,"column":3}}},"6":{"name":"(anonymous_19)","decl":{"start":{"line":170,"column":11},"end":{"line":170,"column":14}},"loc":{"start":{"line":170,"column":17},"end":{"line":170,"column":36}}},"7":{"name":"(anonymous_20)","decl":{"start":{"line":173,"column":12},"end":{"line":173,"column":15}},"loc":{"start":{"line":173,"column":17},"end":{"line":200,"column":3}}},"8":{"name":"(anonymous_21)","decl":{"start":{"line":197,"column":11},"end":{"line":197,"column":14}},"loc":{"start":{"line":197,"column":16},"end":{"line":199,"column":5}}},"9":{"name":"(anonymous_22)","decl":{"start":{"line":207,"column":12},"end":{"line":207,"column":15}},"loc":{"start":{"line":207,"column":17},"end":{"line":211,"column":3}}},"10":{"name":"(anonymous_23)","decl":{"start":{"line":213,"column":28},"end":{"line":213,"column":null}},"loc":{"start":{"line":216,"column":6},"end":{"line":340,"column":null}}},"11":{"name":"(anonymous_24)","decl":{"start":{"line":216,"column":6},"end":{"line":216,"column":null}},"loc":{"start":{"line":216,"column":6},"end":{"line":340,"column":3}}},"12":{"name":"(anonymous_25)","decl":{"start":{"line":217,"column":23},"end":{"line":217,"column":30}},"loc":{"start":{"line":217,"column":43},"end":{"line":229,"column":null}}},"13":{"name":"(anonymous_26)","decl":{"start":{"line":217,"column":43},"end":{"line":217,"column":null}},"loc":{"start":{"line":217,"column":43},"end":{"line":229,"column":5}}},"14":{"name":"(anonymous_27)","decl":{"start":{"line":369,"column":23},"end":{"line":369,"column":26}},"loc":{"start":{"line":369,"column":28},"end":{"line":395,"column":1}}}},"branchMap":{"0":{"loc":{"start":{"line":90,"column":39},"end":{"line":90,"column":69}},"type":"binary-expr","locations":[{"start":{"line":90,"column":39},"end":{"line":90,"column":51}},{"start":{"line":90,"column":55},"end":{"line":90,"column":69}}]},"1":{"loc":{"start":{"line":102,"column":4},"end":{"line":102,"column":28}},"type":"if","locations":[{"start":{"line":102,"column":4},"end":{"line":102,"column":28}}]},"2":{"loc":{"start":{"line":103,"column":4},"end":{"line":105,"column":null}},"type":"if","locations":[{"start":{"line":103,"column":4},"end":{"line":105,"column":null}}]},"3":{"loc":{"start":{"line":109,"column":4},"end":{"line":109,"column":23}},"type":"if","locations":[{"start":{"line":109,"column":4},"end":{"line":109,"column":23}}]},"4":{"loc":{"start":{"line":111,"column":13},"end":{"line":111,"column":44}},"type":"binary-expr","locations":[{"start":{"line":111,"column":13},"end":{"line":111,"column":30}},{"start":{"line":111,"column":34},"end":{"line":111,"column":44}}]},"5":{"loc":{"start":{"line":112,"column":18},"end":{"line":112,"column":41}},"type":"binary-expr","locations":[{"start":{"line":112,"column":18},"end":{"line":112,"column":35}},{"start":{"line":112,"column":39},"end":{"line":112,"column":41}}]},"6":{"loc":{"start":{"line":113,"column":17},"end":{"line":113,"column":39}},"type":"binary-expr","locations":[{"start":{"line":113,"column":17},"end":{"line":113,"column":33}},{"start":{"line":113,"column":37},"end":{"line":113,"column":39}}]},"7":{"loc":{"start":{"line":114,"column":21},"end":{"line":114,"column":47}},"type":"binary-expr","locations":[{"start":{"line":114,"column":21},"end":{"line":114,"column":41}},{"start":{"line":114,"column":45},"end":{"line":114,"column":47}}]},"8":{"loc":{"start":{"line":115,"column":20},"end":{"line":115,"column":45}},"type":"binary-expr","locations":[{"start":{"line":115,"column":20},"end":{"line":115,"column":39}},{"start":{"line":115,"column":43},"end":{"line":115,"column":45}}]},"9":{"loc":{"start":{"line":116,"column":19},"end":{"line":116,"column":43}},"type":"binary-expr","locations":[{"start":{"line":116,"column":19},"end":{"line":116,"column":37}},{"start":{"line":116,"column":41},"end":{"line":116,"column":43}}]},"10":{"loc":{"start":{"line":117,"column":15},"end":{"line":117,"column":35}},"type":"binary-expr","locations":[{"start":{"line":117,"column":15},"end":{"line":117,"column":29}},{"start":{"line":117,"column":33},"end":{"line":117,"column":35}}]},"11":{"loc":{"start":{"line":118,"column":15},"end":{"line":118,"column":35}},"type":"binary-expr","locations":[{"start":{"line":118,"column":15},"end":{"line":118,"column":29}},{"start":{"line":118,"column":33},"end":{"line":118,"column":35}}]},"12":{"loc":{"start":{"line":119,"column":22},"end":{"line":119,"column":49}},"type":"binary-expr","locations":[{"start":{"line":119,"column":22},"end":{"line":119,"column":43}},{"start":{"line":119,"column":47},"end":{"line":119,"column":49}}]},"13":{"loc":{"start":{"line":120,"column":19},"end":{"line":120,"column":43}},"type":"binary-expr","locations":[{"start":{"line":120,"column":19},"end":{"line":120,"column":37}},{"start":{"line":120,"column":41},"end":{"line":120,"column":43}}]},"14":{"loc":{"start":{"line":140,"column":4},"end":{"line":146,"column":12}},"type":"if","locations":[{"start":{"line":140,"column":4},"end":{"line":146,"column":12}}]},"15":{"loc":{"start":{"line":141,"column":6},"end":{"line":144,"column":30}},"type":"binary-expr","locations":[{"start":{"line":141,"column":6},"end":{"line":141,"column":19}},{"start":{"line":142,"column":6},"end":{"line":142,"column":19}},{"start":{"line":143,"column":6},"end":{"line":143,"column":25}},{"start":{"line":144,"column":6},"end":{"line":144,"column":30}}]},"16":{"loc":{"start":{"line":174,"column":4},"end":{"line":174,"column":54}},"type":"if","locations":[{"start":{"line":174,"column":4},"end":{"line":174,"column":54}}]},"17":{"loc":{"start":{"line":174,"column":8},"end":{"line":174,"column":46}},"type":"binary-expr","locations":[{"start":{"line":174,"column":8},"end":{"line":174,"column":17}},{"start":{"line":174,"column":21},"end":{"line":174,"column":34}},{"start":{"line":174,"column":38},"end":{"line":174,"column":46}}]},"18":{"loc":{"start":{"line":176,"column":4},"end":{"line":178,"column":null}},"type":"if","locations":[{"start":{"line":176,"column":4},"end":{"line":178,"column":null}}]},"19":{"loc":{"start":{"line":208,"column":4},"end":{"line":210,"column":null}},"type":"if","locations":[{"start":{"line":208,"column":4},"end":{"line":210,"column":null}}]},"20":{"loc":{"start":{"line":208,"column":8},"end":{"line":208,"column":40}},"type":"binary-expr","locations":[{"start":{"line":208,"column":8},"end":{"line":208,"column":29}},{"start":{"line":208,"column":33},"end":{"line":208,"column":40}}]},"21":{"loc":{"start":{"line":314,"column":4},"end":{"line":323,"column":null}},"type":"if","locations":[{"start":{"line":314,"column":4},"end":{"line":323,"column":null}}]},"22":{"loc":{"start":{"line":316,"column":6},"end":{"line":322,"column":null}},"type":"if","locations":[{"start":{"line":316,"column":6},"end":{"line":322,"column":null}}]},"23":{"loc":{"start":{"line":325,"column":4},"end":{"line":339,"column":null}},"type":"if","locations":[{"start":{"line":325,"column":4},"end":{"line":339,"column":null}},{"start":{"line":329,"column":11},"end":{"line":339,"column":null}}]},"24":{"loc":{"start":{"line":325,"column":8},"end":{"line":325,"column":52}},"type":"binary-expr","locations":[{"start":{"line":325,"column":8},"end":{"line":325,"column":15}},{"start":{"line":325,"column":19},"end":{"line":325,"column":52}}]},"25":{"loc":{"start":{"line":345,"column":33},"end":{"line":345,"column":69}},"type":"cond-expr","locations":[{"start":{"line":345,"column":47},"end":{"line":345,"column":62}},{"start":{"line":345,"column":65},"end":{"line":345,"column":69}}]},"26":{"loc":{"start":{"line":347,"column":10},"end":{"line":351,"column":22}},"type":"binary-expr","locations":[{"start":{"line":347,"column":10},"end":{"line":347,"column":18}},{"start":{"line":348,"column":10},"end":{"line":348,"column":28}},{"start":{"line":349,"column":10},"end":{"line":349,"column":22}},{"start":{"line":350,"column":10},"end":{"line":350,"column":20}},{"start":{"line":351,"column":10},"end":{"line":351,"column":22}}]}},"s":{"0":4,"1":4,"2":4,"3":4,"4":4,"5":4,"6":4,"7":4,"8":4,"9":4,"10":4,"11":4,"12":4,"13":24,"14":24,"15":24,"16":24,"17":24,"18":24,"19":24,"20":24,"21":24,"22":24,"23":24,"24":24,"25":24,"26":5,"27":0,"28":5,"29":3,"30":5,"31":5,"32":2,"33":3,"34":3,"35":3,"36":24,"37":9,"38":24,"39":3,"40":3,"41":3,"42":24,"43":8,"44":5,"45":3,"46":3,"47":3,"48":3,"49":24,"50":8,"51":5,"52":3,"53":3,"54":3,"55":3,"56":3,"57":3,"58":3,"59":3,"60":3,"61":3,"62":3,"63":24,"64":24,"65":24,"66":24,"67":5,"68":0,"69":24,"70":3,"71":3,"72":1,"73":1,"74":3,"75":2,"76":2,"77":1,"78":2,"79":1,"80":1,"81":1,"82":1,"83":1,"84":1,"85":1,"86":24,"87":4,"88":4,"89":4,"90":17,"91":17,"92":4},"f":{"0":24,"1":5,"2":9,"3":3,"4":3,"5":8,"6":3,"7":8,"8":3,"9":5,"10":3,"11":3,"12":1,"13":1,"14":17},"b":{"0":[24,19],"1":[0],"2":[3],"3":[2],"4":[3,0],"5":[3,0],"6":[3,0],"7":[3,0],"8":[3,0],"9":[3,3],"10":[3,3],"11":[3,3],"12":[3,3],"13":[3,3],"14":[5],"15":[8,3,3,3],"16":[5],"17":[8,8,3],"18":[3],"19":[0],"20":[5,4],"21":[2],"22":[1],"23":[1,1],"24":[2,2],"25":[24,0],"26":[24,0,0,0,0]}}
,"/Users/kundan/Workspace/Clients/Harleen Kaur(Mullhi)/Resume-Mango/user-dashboard/src/contexts/notify.tsx": {"path":"/Users/kundan/Workspace/Clients/Harleen Kaur(Mullhi)/Resume-Mango/user-dashboard/src/contexts/notify.tsx","statementMap":{"0":{"start":{"line":1,"column":0},"end":{"line":1,"column":50}},"1":{"start":{"line":2,"column":0},"end":{"line":2,"column":56}},"2":{"start":{"line":3,"column":0},"end":{"line":3,"column":48}},"3":{"start":{"line":4,"column":0},"end":{"line":4,"column":50}},"4":{"start":{"line":5,"column":0},"end":{"line":5,"column":46}},"5":{"start":{"line":6,"column":0},"end":{"line":6,"column":52}},"6":{"start":{"line":7,"column":0},"end":{"line":7,"column":47}},"7":{"start":{"line":8,"column":0},"end":{"line":8,"column":49}},"8":{"start":{"line":32,"column":22},"end":{"line":32,"column":56}},"9":{"start":{"line":34,"column":23},"end":{"line":100,"column":1}},"10":{"start":{"line":35,"column":26},"end":{"line":35,"column":52}},"11":{"start":{"line":36,"column":30},"end":{"line":36,"column":60}},"12":{"start":{"line":38,"column":2},"end":{"line":46,"column":null}},"13":{"start":{"line":39,"column":4},"end":{"line":39,"column":23}},"14":{"start":{"line":39,"column":17},"end":{"line":39,"column":23}},"15":{"start":{"line":40,"column":17},"end":{"line":42,"column":null}},"16":{"start":{"line":45,"column":4},"end":{"line":45,"column":null}},"17":{"start":{"line":48,"column":2},"end":{"line":58,"column":null}},"18":{"start":{"line":49,"column":21},"end":{"line":53,"column":12}},"19":{"start":{"line":50,"column":6},"end":{"line":52,"column":null}},"20":{"start":{"line":51,"column":8},"end":{"line":51,"column":null}},"21":{"start":{"line":55,"column":4},"end":{"line":57,"column":null}},"22":{"start":{"line":56,"column":6},"end":{"line":56,"column":null}},"23":{"start":{"line":60,"column":21},"end":{"line":64,"column":3}},"24":{"start":{"line":61,"column":22},"end":{"line":61,"column":61}},"25":{"start":{"line":61,"column":49},"end":{"line":61,"column":60}},"26":{"start":{"line":62,"column":4},"end":{"line":62,"column":null}},"27":{"start":{"line":63,"column":4},"end":{"line":63,"column":null}},"28":{"start":{"line":66,"column":2},"end":{"line":99,"column":null}},"29":{"start":{"line":75,"column":12},"end":{"line":75,"column":26}},"30":{"start":{"line":90,"column":39},"end":{"line":90,"column":58}},"31":{"start":{"line":108,"column":9},"end":{"line":108,"column":23}},"32":{"start":{"line":102,"column":18},"end":{"line":106,"column":1}},"33":{"start":{"line":103,"column":24},"end":{"line":103,"column":55}},"34":{"start":{"line":105,"column":2},"end":{"line":105,"column":null}},"35":{"start":{"line":108,"column":25},"end":{"line":108,"column":34}},"36":{"start":{"line":110,"column":22},"end":{"line":122,"column":null}},"37":{"start":{"line":121,"column":30},"end":{"line":121,"column":48}},"38":{"start":{"line":123,"column":13},"end":{"line":162,"column":null}},"39":{"start":{"line":137,"column":6},"end":{"line":143,"column":27}},"40":{"start":{"line":154,"column":6},"end":{"line":160,"column":27}},"41":{"start":{"line":163,"column":16},"end":{"line":169,"column":null}},"42":{"start":{"line":170,"column":16},"end":{"line":173,"column":null}},"43":{"start":{"line":174,"column":19},"end":{"line":176,"column":null}},"44":{"start":{"line":177,"column":14},"end":{"line":183,"column":null}}},"fnMap":{"0":{"name":"(anonymous_7)","decl":{"start":{"line":34,"column":23},"end":{"line":34,"column":24}},"loc":{"start":{"line":34,"column":41},"end":{"line":100,"column":1}}},"1":{"name":"(anonymous_8)","decl":{"start":{"line":38,"column":12},"end":{"line":38,"column":15}},"loc":{"start":{"line":38,"column":17},"end":{"line":46,"column":3}}},"2":{"name":"(anonymous_9)","decl":{"start":{"line":48,"column":12},"end":{"line":48,"column":15}},"loc":{"start":{"line":48,"column":17},"end":{"line":58,"column":3}}},"3":{"name":"(anonymous_10)","decl":{"start":{"line":49,"column":33},"end":{"line":49,"column":36}},"loc":{"start":{"line":49,"column":38},"end":{"line":53,"column":5}}},"4":{"name":"(anonymous_11)","decl":{"start":{"line":55,"column":11},"end":{"line":55,"column":14}},"loc":{"start":{"line":55,"column":16},"end":{"line":57,"column":5}}},"5":{"name":"(anonymous_12)","decl":{"start":{"line":60,"column":21},"end":{"line":60,"column":22}},"loc":{"start":{"line":60,"column":36},"end":{"line":64,"column":3}}},"6":{"name":"(anonymous_13)","decl":{"start":{"line":61,"column":37},"end":{"line":61,"column":38}},"loc":{"start":{"line":61,"column":49},"end":{"line":61,"column":60}}},"7":{"name":"(anonymous_14)","decl":{"start":{"line":74,"column":19},"end":{"line":74,"column":20}},"loc":{"start":{"line":75,"column":12},"end":{"line":75,"column":26}}},"8":{"name":"(anonymous_15)","decl":{"start":{"line":90,"column":33},"end":{"line":90,"column":36}},"loc":{"start":{"line":90,"column":39},"end":{"line":90,"column":58}}},"9":{"name":"(anonymous_16)","decl":{"start":{"line":102,"column":18},"end":{"line":102,"column":21}},"loc":{"start":{"line":102,"column":23},"end":{"line":106,"column":1}}},"10":{"name":"(anonymous_17)","decl":{"start":{"line":121,"column":13},"end":{"line":121,"column":14}},"loc":{"start":{"line":121,"column":30},"end":{"line":121,"column":48}}},"11":{"name":"(anonymous_18)","decl":{"start":{"line":136,"column":24},"end":{"line":136,"column":25}},"loc":{"start":{"line":137,"column":6},"end":{"line":143,"column":27}}},"12":{"name":"(anonymous_19)","decl":{"start":{"line":153,"column":12},"end":{"line":153,"column":13}},"loc":{"start":{"line":154,"column":6},"end":{"line":160,"column":27}}}},"branchMap":{"0":{"loc":{"start":{"line":39,"column":4},"end":{"line":39,"column":23}},"type":"if","locations":[{"start":{"line":39,"column":4},"end":{"line":39,"column":23}}]},"1":{"loc":{"start":{"line":50,"column":6},"end":{"line":52,"column":null}},"type":"if","locations":[{"start":{"line":50,"column":6},"end":{"line":52,"column":null}}]},"2":{"loc":{"start":{"line":50,"column":10},"end":{"line":50,"column":33}},"type":"binary-expr","locations":[{"start":{"line":50,"column":10},"end":{"line":50,"column":14}},{"start":{"line":50,"column":18},"end":{"line":50,"column":33}}]},"3":{"loc":{"start":{"line":73,"column":9},"end":{"line":95,"column":12}},"type":"binary-expr","locations":[{"start":{"line":73,"column":9},"end":{"line":73,"column":24}},{"start":{"line":74,"column":10},"end":{"line":95,"column":12}}]},"4":{"loc":{"start":{"line":76,"column":15},"end":{"line":84,"column":22}},"type":"cond-expr","locations":[{"start":{"line":77,"column":16},"end":{"line":77,"column":41}},{"start":{"line":78,"column":18},"end":{"line":84,"column":22}}]},"5":{"loc":{"start":{"line":78,"column":18},"end":{"line":84,"column":22}},"type":"cond-expr","locations":[{"start":{"line":79,"column":16},"end":{"line":79,"column":40}},{"start":{"line":80,"column":18},"end":{"line":84,"column":22}}]},"6":{"loc":{"start":{"line":80,"column":18},"end":{"line":84,"column":22}},"type":"cond-expr","locations":[{"start":{"line":81,"column":16},"end":{"line":81,"column":43}},{"start":{"line":82,"column":18},"end":{"line":84,"column":22}}]},"7":{"loc":{"start":{"line":82,"column":18},"end":{"line":84,"column":22}},"type":"cond-expr","locations":[{"start":{"line":83,"column":16},"end":{"line":83,"column":42}},{"start":{"line":84,"column":18},"end":{"line":84,"column":22}}]},"8":{"loc":{"start":{"line":121,"column":30},"end":{"line":121,"column":48}},"type":"cond-expr","locations":[{"start":{"line":121,"column":39},"end":{"line":121,"column":43}},{"start":{"line":121,"column":46},"end":{"line":121,"column":48}}]},"9":{"loc":{"start":{"line":137,"column":6},"end":{"line":143,"column":27}},"type":"cond-expr","locations":[{"start":{"line":138,"column":10},"end":{"line":138,"column":30}},{"start":{"line":139,"column":10},"end":{"line":143,"column":27}}]},"10":{"loc":{"start":{"line":139,"column":10},"end":{"line":143,"column":27}},"type":"cond-expr","locations":[{"start":{"line":140,"column":10},"end":{"line":140,"column":30}},{"start":{"line":141,"column":10},"end":{"line":143,"column":27}}]},"11":{"loc":{"start":{"line":141,"column":10},"end":{"line":143,"column":27}},"type":"cond-expr","locations":[{"start":{"line":142,"column":10},"end":{"line":142,"column":29}},{"start":{"line":143,"column":10},"end":{"line":143,"column":27}}]},"12":{"loc":{"start":{"line":154,"column":6},"end":{"line":160,"column":27}},"type":"cond-expr","locations":[{"start":{"line":155,"column":10},"end":{"line":155,"column":30}},{"start":{"line":156,"column":10},"end":{"line":160,"column":27}}]},"13":{"loc":{"start":{"line":156,"column":10},"end":{"line":160,"column":27}},"type":"cond-expr","locations":[{"start":{"line":157,"column":10},"end":{"line":157,"column":30}},{"start":{"line":158,"column":10},"end":{"line":160,"column":27}}]},"14":{"loc":{"start":{"line":158,"column":10},"end":{"line":160,"column":27}},"type":"cond-expr","locations":[{"start":{"line":159,"column":10},"end":{"line":159,"column":29}},{"start":{"line":160,"column":10},"end":{"line":160,"column":27}}]}},"s":{"0":18,"1":18,"2":18,"3":18,"4":18,"5":18,"6":18,"7":18,"8":18,"9":18,"10":65,"11":61,"12":61,"13":49,"14":42,"15":7,"16":7,"17":61,"18":54,"19":2,"20":1,"21":54,"22":54,"23":61,"24":5,"25":5,"26":5,"27":5,"28":61,"29":7,"30":4,"31":18,"32":18,"33":104,"34":104,"35":18,"36":18,"37":61,"38":18,"39":7,"40":7,"41":18,"42":18,"43":18,"44":18},"f":{"0":65,"1":49,"2":54,"3":2,"4":54,"5":5,"6":5,"7":7,"8":4,"9":104,"10":61,"11":7,"12":7},"b":{"0":[42],"1":[1],"2":[2,2],"3":[61,7],"4":[1,6],"5":[1,5],"6":[1,4],"7":[4,0],"8":[7,54],"9":[1,6],"10":[1,5],"11":[4,1],"12":[1,6],"13":[1,5],"14":[4,1]}}
,"/Users/kundan/Workspace/Clients/Harleen Kaur(Mullhi)/Resume-Mango/user-dashboard/src/contexts/progressTracker.tsx": {"path":"/Users/kundan/Workspace/Clients/Harleen Kaur(Mullhi)/Resume-Mango/user-dashboard/src/contexts/progressTracker.tsx","statementMap":{"0":{"start":{"line":1,"column":0},"end":{"line":1,"column":61}},"1":{"start":{"line":2,"column":0},"end":{"line":2,"column":44}},"2":{"start":{"line":3,"column":0},"end":{"line":3,"column":null}},"3":{"start":{"line":7,"column":0},"end":{"line":7,"column":49}},"4":{"start":{"line":8,"column":0},"end":{"line":8,"column":36}},"5":{"start":{"line":9,"column":0},"end":{"line":9,"column":53}},"6":{"start":{"line":10,"column":0},"end":{"line":10,"column":null}},"7":{"start":{"line":67,"column":31},"end":{"line":67,"column":79}},"8":{"start":{"line":69,"column":32},"end":{"line":261,"column":1}},"9":{"start":{"line":70,"column":36},"end":{"line":70,"column":51}},"10":{"start":{"line":71,"column":32},"end":{"line":71,"column":44}},"11":{"start":{"line":72,"column":40},"end":{"line":72,"column":76}},"12":{"start":{"line":73,"column":42},"end":{"line":73,"column":53}},"13":{"start":{"line":74,"column":44},"end":{"line":74,"column":59}},"14":{"start":{"line":75,"column":38},"end":{"line":77,"column":7}},"15":{"start":{"line":79,"column":24},"end":{"line":79,"column":35}},"16":{"start":{"line":81,"column":48},"end":{"line":81,"column":68}},"17":{"start":{"line":83,"column":39},"end":{"line":83,"column":55}},"18":{"start":{"line":85,"column":22},"end":{"line":85,"column":38}},"19":{"start":{"line":87,"column":17},"end":{"line":91,"column":null}},"20":{"start":{"line":93,"column":2},"end":{"line":93,"column":null}},"21":{"start":{"line":94,"column":2},"end":{"line":94,"column":null}},"22":{"start":{"line":95,"column":2},"end":{"line":95,"column":null}},"23":{"start":{"line":97,"column":2},"end":{"line":100,"column":null}},"24":{"start":{"line":98,"column":4},"end":{"line":98,"column":23}},"25":{"start":{"line":98,"column":17},"end":{"line":98,"column":23}},"26":{"start":{"line":99,"column":4},"end":{"line":99,"column":null}},"27":{"start":{"line":102,"column":2},"end":{"line":106,"column":null}},"28":{"start":{"line":103,"column":4},"end":{"line":105,"column":null}},"29":{"start":{"line":104,"column":6},"end":{"line":104,"column":null}},"30":{"start":{"line":146,"column":2},"end":{"line":149,"column":null}},"31":{"start":{"line":147,"column":4},"end":{"line":148,"column":null}},"32":{"start":{"line":147,"column":23},"end":{"line":147,"column":null}},"33":{"start":{"line":148,"column":9},"end":{"line":148,"column":null}},"34":{"start":{"line":178,"column":24},"end":{"line":185,"column":null}},"35":{"start":{"line":188,"column":2},"end":{"line":201,"column":null}},"36":{"start":{"line":189,"column":4},"end":{"line":189,"column":42}},"37":{"start":{"line":189,"column":36},"end":{"line":189,"column":42}},"38":{"start":{"line":190,"column":4},"end":{"line":190,"column":null}},"39":{"start":{"line":191,"column":18},"end":{"line":199,"column":12}},"40":{"start":{"line":192,"column":6},"end":{"line":197,"column":null}},"41":{"start":{"line":198,"column":6},"end":{"line":198,"column":null}},"42":{"start":{"line":200,"column":4},"end":{"line":200,"column":null}},"43":{"start":{"line":200,"column":17},"end":{"line":200,"column":36}},"44":{"start":{"line":203,"column":30},"end":{"line":205,"column":null}},"45":{"start":{"line":203,"column":76},"end":{"line":205,"column":null}},"46":{"start":{"line":204,"column":4},"end":{"line":204,"column":null}},"47":{"start":{"line":236,"column":2},"end":{"line":260,"column":null}},"48":{"start":{"line":301,"column":9},"end":{"line":301,"column":32}},"49":{"start":{"line":263,"column":27},"end":{"line":299,"column":1}},"50":{"start":{"line":280,"column":6},"end":{"line":280,"column":46}},"51":{"start":{"line":282,"column":2},"end":{"line":298,"column":null}},"52":{"start":{"line":301,"column":34},"end":{"line":301,"column":52}}},"fnMap":{"0":{"name":"(anonymous_14)","decl":{"start":{"line":69,"column":32},"end":{"line":69,"column":33}},"loc":{"start":{"line":69,"column":74},"end":{"line":261,"column":1}}},"1":{"name":"(anonymous_15)","decl":{"start":{"line":97,"column":12},"end":{"line":97,"column":15}},"loc":{"start":{"line":97,"column":17},"end":{"line":100,"column":3}}},"2":{"name":"(anonymous_16)","decl":{"start":{"line":102,"column":12},"end":{"line":102,"column":15}},"loc":{"start":{"line":102,"column":17},"end":{"line":106,"column":3}}},"3":{"name":"(anonymous_17)","decl":{"start":{"line":103,"column":11},"end":{"line":103,"column":14}},"loc":{"start":{"line":103,"column":16},"end":{"line":105,"column":5}}},"4":{"name":"(anonymous_18)","decl":{"start":{"line":146,"column":12},"end":{"line":146,"column":15}},"loc":{"start":{"line":146,"column":17},"end":{"line":149,"column":3}}},"5":{"name":"(anonymous_19)","decl":{"start":{"line":188,"column":12},"end":{"line":188,"column":15}},"loc":{"start":{"line":188,"column":17},"end":{"line":201,"column":3}}},"6":{"name":"(anonymous_20)","decl":{"start":{"line":191,"column":29},"end":{"line":191,"column":32}},"loc":{"start":{"line":191,"column":34},"end":{"line":199,"column":5}}},"7":{"name":"(anonymous_21)","decl":{"start":{"line":200,"column":11},"end":{"line":200,"column":14}},"loc":{"start":{"line":200,"column":17},"end":{"line":200,"column":36}}},"8":{"name":"(anonymous_22)","decl":{"start":{"line":203,"column":30},"end":{"line":203,"column":37}},"loc":{"start":{"line":203,"column":76},"end":{"line":205,"column":null}}},"9":{"name":"(anonymous_23)","decl":{"start":{"line":203,"column":76},"end":{"line":203,"column":null}},"loc":{"start":{"line":203,"column":76},"end":{"line":205,"column":3}}},"10":{"name":"(anonymous_24)","decl":{"start":{"line":263,"column":27},"end":{"line":263,"column":30}},"loc":{"start":{"line":263,"column":32},"end":{"line":299,"column":1}}}},"branchMap":{"0":{"loc":{"start":{"line":93,"column":21},"end":{"line":93,"column":57}},"type":"binary-expr","locations":[{"start":{"line":93,"column":22},"end":{"line":93,"column":26}},{"start":{"line":93,"column":30},"end":{"line":93,"column":51}},{"start":{"line":93,"column":56},"end":{"line":93,"column":57}}]},"1":{"loc":{"start":{"line":94,"column":22},"end":{"line":94,"column":58}},"type":"binary-expr","locations":[{"start":{"line":94,"column":23},"end":{"line":94,"column":27}},{"start":{"line":94,"column":31},"end":{"line":94,"column":52}},{"start":{"line":94,"column":57},"end":{"line":94,"column":58}}]},"2":{"loc":{"start":{"line":95,"column":24},"end":{"line":95,"column":58}},"type":"binary-expr","locations":[{"start":{"line":95,"column":25},"end":{"line":95,"column":29}},{"start":{"line":95,"column":33},"end":{"line":95,"column":52}},{"start":{"line":95,"column":57},"end":{"line":95,"column":58}}]},"3":{"loc":{"start":{"line":98,"column":4},"end":{"line":98,"column":23}},"type":"if","locations":[{"start":{"line":98,"column":4},"end":{"line":98,"column":23}}]},"4":{"loc":{"start":{"line":147,"column":4},"end":{"line":148,"column":null}},"type":"if","locations":[{"start":{"line":147,"column":4},"end":{"line":148,"column":null}},{"start":{"line":148,"column":9},"end":{"line":148,"column":null}}]},"5":{"loc":{"start":{"line":189,"column":4},"end":{"line":189,"column":42}},"type":"if","locations":[{"start":{"line":189,"column":4},"end":{"line":189,"column":42}}]},"6":{"loc":{"start":{"line":189,"column":8},"end":{"line":189,"column":34}},"type":"binary-expr","locations":[{"start":{"line":189,"column":8},"end":{"line":189,"column":25}},{"start":{"line":189,"column":29},"end":{"line":189,"column":34}}]}},"s":{"0":1,"1":1,"2":1,"3":1,"4":1,"5":1,"6":1,"7":1,"8":1,"9":13,"10":13,"11":13,"12":13,"13":13,"14":13,"15":13,"16":13,"17":13,"18":13,"19":13,"20":13,"21":13,"22":13,"23":13,"24":1,"25":0,"26":1,"27":13,"28":1,"29":1,"30":13,"31":3,"32":1,"33":2,"34":13,"35":13,"36":3,"37":2,"38":1,"39":1,"40":1,"41":1,"42":1,"43":1,"44":13,"45":1,"46":1,"47":13,"48":1,"49":1,"50":13,"51":13,"52":1},"f":{"0":13,"1":1,"2":1,"3":1,"4":3,"5":3,"6":1,"7":1,"8":1,"9":1,"10":13},"b":{"0":[13,13,0],"1":[13,13,0],"2":[13,13,0],"3":[0],"4":[1,2],"5":[2],"6":[3,1]}}
,"/Users/kundan/Workspace/Clients/Harleen Kaur(Mullhi)/Resume-Mango/user-dashboard/src/contexts/resume.tsx": {"path":"/Users/kundan/Workspace/Clients/Harleen Kaur(Mullhi)/Resume-Mango/user-dashboard/src/contexts/resume.tsx","statementMap":{"0":{"start":{"line":1,"column":0},"end":{"line":1,"column":50}},"1":{"start":{"line":2,"column":0},"end":{"line":2,"column":55}},"2":{"start":{"line":4,"column":0},"end":{"line":4,"column":38}},"3":{"start":{"line":5,"column":0},"end":{"line":5,"column":60}},"4":{"start":{"line":6,"column":0},"end":{"line":6,"column":36}},"5":{"start":{"line":7,"column":0},"end":{"line":7,"column":44}},"6":{"start":{"line":8,"column":0},"end":{"line":8,"column":53}},"7":{"start":{"line":9,"column":0},"end":{"line":9,"column":58}},"8":{"start":{"line":10,"column":0},"end":{"line":10,"column":74}},"9":{"start":{"line":11,"column":0},"end":{"line":11,"column":48}},"10":{"start":{"line":29,"column":22},"end":{"line":43,"column":null}},"11":{"start":{"line":45,"column":22},"end":{"line":62,"column":null}},"12":{"start":{"line":84,"column":22},"end":{"line":84,"column":65}},"13":{"start":{"line":86,"column":23},"end":{"line":363,"column":1}},"14":{"start":{"line":87,"column":34},"end":{"line":87,"column":49}},"15":{"start":{"line":88,"column":38},"end":{"line":88,"column":53}},"16":{"start":{"line":89,"column":42},"end":{"line":89,"column":57}},"17":{"start":{"line":90,"column":26},"end":{"line":90,"column":37}},"18":{"start":{"line":91,"column":44},"end":{"line":91,"column":59}},"19":{"start":{"line":92,"column":34},"end":{"line":92,"column":49}},"20":{"start":{"line":93,"column":34},"end":{"line":93,"column":56}},"21":{"start":{"line":95,"column":24},"end":{"line":95,"column":35}},"22":{"start":{"line":96,"column":22},"end":{"line":96,"column":38}},"23":{"start":{"line":98,"column":18},"end":{"line":103,"column":4}},"24":{"start":{"line":108,"column":6},"end":{"line":108,"column":65}},"25":{"start":{"line":117,"column":6},"end":{"line":117,"column":13}},"26":{"start":{"line":119,"column":2},"end":{"line":151,"column":null}},"27":{"start":{"line":120,"column":4},"end":{"line":120,"column":28}},"28":{"start":{"line":120,"column":22},"end":{"line":120,"column":28}},"29":{"start":{"line":121,"column":4},"end":{"line":123,"column":null}},"30":{"start":{"line":122,"column":6},"end":{"line":122,"column":null}},"31":{"start":{"line":125,"column":23},"end":{"line":125,"column":34}},"32":{"start":{"line":126,"column":23},"end":{"line":143,"column":null}},"33":{"start":{"line":145,"column":4},"end":{"line":149,"column":null}},"34":{"start":{"line":150,"column":4},"end":{"line":150,"column":null}},"35":{"start":{"line":153,"column":2},"end":{"line":155,"column":null}},"36":{"start":{"line":154,"column":4},"end":{"line":154,"column":null}},"37":{"start":{"line":159,"column":28},"end":{"line":162,"column":null}},"38":{"start":{"line":159,"column":39},"end":{"line":162,"column":null}},"39":{"start":{"line":160,"column":4},"end":{"line":160,"column":null}},"40":{"start":{"line":161,"column":4},"end":{"line":161,"column":null}},"41":{"start":{"line":164,"column":2},"end":{"line":196,"column":null}},"42":{"start":{"line":165,"column":4},"end":{"line":171,"column":12}},"43":{"start":{"line":171,"column":6},"end":{"line":171,"column":12}},"44":{"start":{"line":172,"column":4},"end":{"line":172,"column":null}},"45":{"start":{"line":173,"column":4},"end":{"line":173,"column":null}},"46":{"start":{"line":195,"column":4},"end":{"line":195,"column":null}},"47":{"start":{"line":195,"column":17},"end":{"line":195,"column":36}},"48":{"start":{"line":198,"column":2},"end":{"line":223,"column":null}},"49":{"start":{"line":199,"column":4},"end":{"line":199,"column":54}},"50":{"start":{"line":199,"column":48},"end":{"line":199,"column":54}},"51":{"start":{"line":200,"column":16},"end":{"line":200,"column":52}},"52":{"start":{"line":201,"column":4},"end":{"line":203,"column":null}},"53":{"start":{"line":202,"column":6},"end":{"line":202,"column":null}},"54":{"start":{"line":204,"column":17},"end":{"line":204,"column":47}},"55":{"start":{"line":205,"column":4},"end":{"line":205,"column":null}},"56":{"start":{"line":206,"column":4},"end":{"line":206,"column":null}},"57":{"start":{"line":207,"column":4},"end":{"line":207,"column":null}},"58":{"start":{"line":208,"column":4},"end":{"line":211,"column":null}},"59":{"start":{"line":213,"column":4},"end":{"line":213,"column":null}},"60":{"start":{"line":225,"column":19},"end":{"line":225,"column":26}},"61":{"start":{"line":227,"column":16},"end":{"line":227,"column":31}},"62":{"start":{"line":228,"column":31},"end":{"line":228,"column":76}},"63":{"start":{"line":230,"column":2},"end":{"line":234,"column":null}},"64":{"start":{"line":231,"column":4},"end":{"line":233,"column":null}},"65":{"start":{"line":232,"column":6},"end":{"line":232,"column":null}},"66":{"start":{"line":236,"column":23},"end":{"line":338,"column":null}},"67":{"start":{"line":239,"column":6},"end":{"line":338,"column":null}},"68":{"start":{"line":240,"column":23},"end":{"line":252,"column":null}},"69":{"start":{"line":240,"column":43},"end":{"line":252,"column":null}},"70":{"start":{"line":241,"column":6},"end":{"line":251,"column":null}},"71":{"start":{"line":317,"column":4},"end":{"line":326,"column":null}},"72":{"start":{"line":318,"column":6},"end":{"line":318,"column":null}},"73":{"start":{"line":319,"column":6},"end":{"line":325,"column":null}},"74":{"start":{"line":320,"column":8},"end":{"line":324,"column":null}},"75":{"start":{"line":328,"column":4},"end":{"line":337,"column":null}},"76":{"start":{"line":329,"column":6},"end":{"line":329,"column":null}},"77":{"start":{"line":330,"column":6},"end":{"line":330,"column":null}},"78":{"start":{"line":331,"column":6},"end":{"line":331,"column":null}},"79":{"start":{"line":333,"column":6},"end":{"line":333,"column":null}},"80":{"start":{"line":334,"column":19},"end":{"line":334,"column":33}},"81":{"start":{"line":335,"column":6},"end":{"line":335,"column":null}},"82":{"start":{"line":336,"column":6},"end":{"line":336,"column":null}},"83":{"start":{"line":340,"column":2},"end":{"line":362,"column":null}},"84":{"start":{"line":395,"column":9},"end":{"line":395,"column":23}},"85":{"start":{"line":365,"column":0},"end":{"line":365,"column":null}},"86":{"start":{"line":367,"column":18},"end":{"line":393,"column":1}},"87":{"start":{"line":379,"column":6},"end":{"line":379,"column":37}},"88":{"start":{"line":381,"column":2},"end":{"line":392,"column":null}},"89":{"start":{"line":395,"column":25},"end":{"line":395,"column":34}}},"fnMap":{"0":{"name":"(anonymous_13)","decl":{"start":{"line":86,"column":23},"end":{"line":86,"column":24}},"loc":{"start":{"line":86,"column":72},"end":{"line":363,"column":1}}},"1":{"name":"(anonymous_14)","decl":{"start":{"line":119,"column":12},"end":{"line":119,"column":15}},"loc":{"start":{"line":119,"column":17},"end":{"line":151,"column":3}}},"2":{"name":"(anonymous_15)","decl":{"start":{"line":153,"column":12},"end":{"line":153,"column":15}},"loc":{"start":{"line":153,"column":17},"end":{"line":155,"column":3}}},"3":{"name":"(anonymous_16)","decl":{"start":{"line":159,"column":28},"end":{"line":159,"column":37}},"loc":{"start":{"line":159,"column":39},"end":{"line":162,"column":null}}},"4":{"name":"(anonymous_17)","decl":{"start":{"line":159,"column":39},"end":{"line":159,"column":null}},"loc":{"start":{"line":159,"column":39},"end":{"line":162,"column":3}}},"5":{"name":"(anonymous_18)","decl":{"start":{"line":164,"column":12},"end":{"line":164,"column":15}},"loc":{"start":{"line":164,"column":17},"end":{"line":196,"column":3}}},"6":{"name":"(anonymous_19)","decl":{"start":{"line":195,"column":11},"end":{"line":195,"column":14}},"loc":{"start":{"line":195,"column":17},"end":{"line":195,"column":36}}},"7":{"name":"(anonymous_20)","decl":{"start":{"line":198,"column":12},"end":{"line":198,"column":15}},"loc":{"start":{"line":198,"column":17},"end":{"line":223,"column":3}}},"8":{"name":"(anonymous_21)","decl":{"start":{"line":230,"column":12},"end":{"line":230,"column":15}},"loc":{"start":{"line":230,"column":17},"end":{"line":234,"column":3}}},"9":{"name":"(anonymous_22)","decl":{"start":{"line":236,"column":23},"end":{"line":236,"column":null}},"loc":{"start":{"line":239,"column":6},"end":{"line":338,"column":null}}},"10":{"name":"(anonymous_23)","decl":{"start":{"line":239,"column":6},"end":{"line":239,"column":null}},"loc":{"start":{"line":239,"column":6},"end":{"line":338,"column":3}}},"11":{"name":"(anonymous_24)","decl":{"start":{"line":240,"column":23},"end":{"line":240,"column":30}},"loc":{"start":{"line":240,"column":43},"end":{"line":252,"column":null}}},"12":{"name":"(anonymous_25)","decl":{"start":{"line":240,"column":43},"end":{"line":240,"column":null}},"loc":{"start":{"line":240,"column":43},"end":{"line":252,"column":5}}},"13":{"name":"(anonymous_26)","decl":{"start":{"line":367,"column":18},"end":{"line":367,"column":21}},"loc":{"start":{"line":367,"column":23},"end":{"line":393,"column":1}}}},"branchMap":{"0":{"loc":{"start":{"line":108,"column":34},"end":{"line":108,"column":64}},"type":"binary-expr","locations":[{"start":{"line":108,"column":34},"end":{"line":108,"column":46}},{"start":{"line":108,"column":50},"end":{"line":108,"column":64}}]},"1":{"loc":{"start":{"line":120,"column":4},"end":{"line":120,"column":28}},"type":"if","locations":[{"start":{"line":120,"column":4},"end":{"line":120,"column":28}}]},"2":{"loc":{"start":{"line":121,"column":4},"end":{"line":123,"column":null}},"type":"if","locations":[{"start":{"line":121,"column":4},"end":{"line":123,"column":null}}]},"3":{"loc":{"start":{"line":127,"column":13},"end":{"line":127,"column":44}},"type":"binary-expr","locations":[{"start":{"line":127,"column":13},"end":{"line":127,"column":30}},{"start":{"line":127,"column":34},"end":{"line":127,"column":44}}]},"4":{"loc":{"start":{"line":128,"column":18},"end":{"line":128,"column":41}},"type":"binary-expr","locations":[{"start":{"line":128,"column":18},"end":{"line":128,"column":35}},{"start":{"line":128,"column":39},"end":{"line":128,"column":41}}]},"5":{"loc":{"start":{"line":129,"column":17},"end":{"line":129,"column":39}},"type":"binary-expr","locations":[{"start":{"line":129,"column":17},"end":{"line":129,"column":33}},{"start":{"line":129,"column":37},"end":{"line":129,"column":39}}]},"6":{"loc":{"start":{"line":130,"column":14},"end":{"line":130,"column":44}},"type":"binary-expr","locations":[{"start":{"line":130,"column":14},"end":{"line":130,"column":27}},{"start":{"line":130,"column":31},"end":{"line":130,"column":44}}]},"7":{"loc":{"start":{"line":131,"column":21},"end":{"line":131,"column":47}},"type":"binary-expr","locations":[{"start":{"line":131,"column":21},"end":{"line":131,"column":41}},{"start":{"line":131,"column":45},"end":{"line":131,"column":47}}]},"8":{"loc":{"start":{"line":132,"column":20},"end":{"line":132,"column":45}},"type":"binary-expr","locations":[{"start":{"line":132,"column":20},"end":{"line":132,"column":39}},{"start":{"line":132,"column":43},"end":{"line":132,"column":45}}]},"9":{"loc":{"start":{"line":133,"column":19},"end":{"line":133,"column":43}},"type":"binary-expr","locations":[{"start":{"line":133,"column":19},"end":{"line":133,"column":37}},{"start":{"line":133,"column":41},"end":{"line":133,"column":43}}]},"10":{"loc":{"start":{"line":134,"column":15},"end":{"line":134,"column":35}},"type":"binary-expr","locations":[{"start":{"line":134,"column":15},"end":{"line":134,"column":29}},{"start":{"line":134,"column":33},"end":{"line":134,"column":35}}]},"11":{"loc":{"start":{"line":135,"column":18},"end":{"line":135,"column":41}},"type":"binary-expr","locations":[{"start":{"line":135,"column":18},"end":{"line":135,"column":35}},{"start":{"line":135,"column":39},"end":{"line":135,"column":41}}]},"12":{"loc":{"start":{"line":136,"column":18},"end":{"line":136,"column":41}},"type":"binary-expr","locations":[{"start":{"line":136,"column":18},"end":{"line":136,"column":35}},{"start":{"line":136,"column":39},"end":{"line":136,"column":41}}]},"13":{"loc":{"start":{"line":137,"column":17},"end":{"line":137,"column":39}},"type":"binary-expr","locations":[{"start":{"line":137,"column":17},"end":{"line":137,"column":33}},{"start":{"line":137,"column":37},"end":{"line":137,"column":39}}]},"14":{"loc":{"start":{"line":138,"column":14},"end":{"line":138,"column":33}},"type":"binary-expr","locations":[{"start":{"line":138,"column":14},"end":{"line":138,"column":27}},{"start":{"line":138,"column":31},"end":{"line":138,"column":33}}]},"15":{"loc":{"start":{"line":139,"column":15},"end":{"line":139,"column":35}},"type":"binary-expr","locations":[{"start":{"line":139,"column":15},"end":{"line":139,"column":29}},{"start":{"line":139,"column":33},"end":{"line":139,"column":35}}]},"16":{"loc":{"start":{"line":140,"column":19},"end":{"line":140,"column":43}},"type":"binary-expr","locations":[{"start":{"line":140,"column":19},"end":{"line":140,"column":37}},{"start":{"line":140,"column":41},"end":{"line":140,"column":43}}]},"17":{"loc":{"start":{"line":141,"column":17},"end":{"line":141,"column":39}},"type":"binary-expr","locations":[{"start":{"line":141,"column":17},"end":{"line":141,"column":33}},{"start":{"line":141,"column":37},"end":{"line":141,"column":39}}]},"18":{"loc":{"start":{"line":142,"column":18},"end":{"line":142,"column":41}},"type":"binary-expr","locations":[{"start":{"line":142,"column":18},"end":{"line":142,"column":35}},{"start":{"line":142,"column":39},"end":{"line":142,"column":41}}]},"19":{"loc":{"start":{"line":165,"column":4},"end":{"line":171,"column":12}},"type":"if","locations":[{"start":{"line":165,"column":4},"end":{"line":171,"column":12}}]},"20":{"loc":{"start":{"line":166,"column":6},"end":{"line":169,"column":30}},"type":"binary-expr","locations":[{"start":{"line":166,"column":6},"end":{"line":166,"column":19}},{"start":{"line":167,"column":6},"end":{"line":167,"column":19}},{"start":{"line":168,"column":6},"end":{"line":168,"column":25}},{"start":{"line":169,"column":6},"end":{"line":169,"column":30}}]},"21":{"loc":{"start":{"line":199,"column":4},"end":{"line":199,"column":54}},"type":"if","locations":[{"start":{"line":199,"column":4},"end":{"line":199,"column":54}}]},"22":{"loc":{"start":{"line":199,"column":8},"end":{"line":199,"column":46}},"type":"binary-expr","locations":[{"start":{"line":199,"column":8},"end":{"line":199,"column":17}},{"start":{"line":199,"column":21},"end":{"line":199,"column":34}},{"start":{"line":199,"column":38},"end":{"line":199,"column":46}}]},"23":{"loc":{"start":{"line":201,"column":4},"end":{"line":203,"column":null}},"type":"if","locations":[{"start":{"line":201,"column":4},"end":{"line":203,"column":null}}]},"24":{"loc":{"start":{"line":231,"column":4},"end":{"line":233,"column":null}},"type":"if","locations":[{"start":{"line":231,"column"
[...]
"start":{"line":437,"column":23},"end":{"line":437,"column":65}}]},"70":{"loc":{"start":{"line":451,"column":4},"end":{"line":465,"column":8}},"type":"binary-expr","locations":[{"start":{"line":451,"column":4},"end":{"line":451,"column":22}},{"start":{"line":452,"column":6},"end":{"line":465,"column":8}}]},"71":{"loc":{"start":{"line":458,"column":10},"end":{"line":458,"column":34}},"type":"if","locations":[{"start":{"line":458,"column":10},"end":{"line":458,"column":34}}]},"72":{"loc":{"start":{"line":459,"column":10},"end":{"line":463,"column":null}},"type":"if","locations":[{"start":{"line":459,"column":10},"end":{"line":463,"column":null}},{"start":{"line":461,"column":17},"end":{"line":463,"column":null}}]},"73":{"loc":{"start":{"line":474,"column":8},"end":{"line":480,"column":null}},"type":"if","locations":[{"start":{"line":474,"column":8},"end":{"line":480,"column":null}}]},"74":{"loc":{"start":{"line":474,"column":12},"end":{"line":474,"column":56}},"type":"binary-expr","locations":[{"start":{"line":474,"column":12},"end":{"line":474,"column":35}},{"start":{"line":474,"column":39},"end":{"line":474,"column":56}}]},"75":{"loc":{"start":{"line":475,"column":10},"end":{"line":479,"column":null}},"type":"if","locations":[{"start":{"line":475,"column":10},"end":{"line":479,"column":null}},{"start":{"line":477,"column":17},"end":{"line":479,"column":null}}]},"76":{"loc":{"start":{"line":481,"column":8},"end":{"line":488,"column":null}},"type":"if","locations":[{"start":{"line":481,"column":8},"end":{"line":488,"column":null}}]},"77":{"loc":{"start":{"line":481,"column":12},"end":{"line":481,"column":49}},"type":"binary-expr","locations":[{"start":{"line":481,"column":12},"end":{"line":481,"column":25}},{"start":{"line":481,"column":29},"end":{"line":481,"column":49}}]},"78":{"loc":{"start":{"line":482,"column":10},"end":{"line":485,"column":null}},"type":"if","locations":[{"start":{"line":482,"column":10},"end":{"line":485,"column":null}}]},"79":{"loc":{"start":{"line":486,"column":10},"end":{"line":486,"column":null}},"type":"if","locations":[{"start":{"line":486,"column":10},"end":{"line":486,"column":null}}]},"80":{"loc":{"start":{"line":487,"column":10},"end":{"line":487,"column":null}},"type":"if","locations":[{"start":{"line":487,"column":10},"end":{"line":487,"column":null}}]},"81":{"loc":{"start":{"line":502,"column":2},"end":{"line":503,"column":64}},"type":"binary-expr","locations":[{"start":{"line":502,"column":2},"end":{"line":502,"column":20}},{"start":{"line":503,"column":4},"end":{"line":503,"column":64}}]},"82":{"loc":{"start":{"line":509,"column":4},"end":{"line":515,"column":null}},"type":"if","locations":[{"start":{"line":509,"column":4},"end":{"line":515,"column":null}}]},"83":{"loc":{"start":{"line":512,"column":8},"end":{"line":512,"column":null}},"type":"if","locations":[{"start":{"line":512,"column":8},"end":{"line":512,"column":null}}]}},"s":{"0":3,"1":0,"2":0,"3":0,"4":0,"5":0,"6":0,"7":0,"8":0,"9":0,"10":0,"11":0,"12":0,"13":0,"14":0,"15":0,"16":0,"17":0,"18":0,"19":0,"20":0,"21":0,"22":0,"23":0,"24":0,"25":0,"26":0,"27":0,"28":0,"29":0,"30":0,"31":0,"32":0,"33":0,"34":0,"35":0,"36":0,"37":0,"38":0,"39":0,"40":0,"41":0,"42":0,"43":0,"44":0,"45":0,"46":0,"47":0,"48":0,"49":0,"50":0,"51":0,"52":0,"53":0,"54":0,"55":0,"56":0,"57":0,"58":0,"59":0,"60":0,"61":0,"62":0,"63":0,"64":0,"65":0,"66":0,"67":0,"68":0,"69":0,"70":0,"71":0,"72":0,"73":0,"74":0,"75":0,"76":0,"77":0,"78":0,"79":0,"80":0,"81":0,"82":0,"83":0,"84":0,"85":0,"86":0,"87":0,"88":0,"89":0,"90":0,"91":0,"92":0,"93":0,"94":0,"95":0,"96":0,"97":0,"98":0,"99":0,"100":0,"101":0,"102":0,"103":0,"104":0,"105":0,"106":0,"107":0,"108":0,"109":0,"110":0,"111":0,"112":0,"113":0,"114":0,"115":0,"116":0,"117":0,"118":0,"119":0,"120":0,"121":0,"122":0,"123":0,"124":0,"125":0,"126":0,"127":0,"128":0,"129":0,"130":0,"131":0,"132":0,"133":0,"134":0,"135":0,"136":0,"137":0,"138":0,"139":0,"140":0,"141":0,"142":0,"143":0,"144":0,"145":0,"146":0,"147":0,"148":0,"149":0,"150":0,"151":0,"152":0,"153":0,"154":0,"155":0,"156":0,"157":0,"158":0,"159":0,"160":0,"161":0,"162":0,"163":0,"164":0,"165":0,"166":0,"167":0,"168":0,"169":0,"170":0,"171":0,"172":0,"173":0,"174":0,"175":0,"176":0,"177":0,"178":0,"179":0,"180":0,"181":0,"182":0,"183":0,"184":0,"185":0,"186":0,"187":0,"188":0,"189":0,"190":0,"191":0,"192":0,"193":0,"194":0,"195":0,"196":0,"197":0,"198":0,"199":0,"200":0,"201":0,"202":0,"203":0,"204":0,"205":0,"206":0,"207":0,"208":0,"209":0,"210":0,"211":0,"212":0,"213":0,"214":0,"215":0,"216":0,"217":0,"218":0,"219":0,"220":0,"221":0,"222":0,"223":0,"224":0,"225":0,"226":0,"227":0,"228":0,"229":0,"230":0,"231":0,"232":0,"233":0,"234":0,"235":0,"236":0,"237":0,"238":0,"239":0,"240":0,"241":0,"242":0,"243":0,"244":0,"245":0,"246":0,"247":0,"248":0,"249":0,"250":0,"251":0,"252":0,"253":0,"254":0,"255":0,"256":0,"257":0,"258":0,"259":0,"260":0,"261":0,"262":0,"263":0,"264":0,"265":0,"266":0,"267":0,"268":0,"269":0,"270":0,"271":0,"272":0,"273":0,"274":0,"275":0,"276":0,"277":0,"278":0,"279":0,"280":0,"281":0,"282":0,"283":0,"284":0,"285":0,"286":0,"287":0,"288":0,"289":0,"290":0,"291":0,"292":0,"293":0,"294":0,"295":0,"296":0,"297":0,"298":0,"299":0,"300":0,"301":0,"302":0,"303":0,"304":0,"305":0,"306":0,"307":3},"f":{"0":0,"1":0,"2":0,"3":0,"4":0,"5":0,"6":0,"7":0,"8":0,"9":0,"10":0,"11":0,"12":0,"13":0,"14":0,"15":0,"16":0,"17":0,"18":0,"19":0,"20":0,"21":0,"22":0,"23":0,"24":0,"25":0,"26":0,"27":0,"28":0,"29":0,"30":0,"31":0,"32":0},"b":{"0":[0],"1":[0,0,0,0],"2":[0],"3":[0],"4":[0,0],"5":[0],"6":[0],"7":[0,0],"8":[0],"9":[0],"10":[0],"11":[0,0],"12":[0],"13":[0,0],"14":[0],"15":[0,0],"16":[0,0],"17":[0],"18":[0,0],"19":[0,0],"20":[0],"21":[0,0],"22":[0],"23":[0],"24":[0],"25":[0],"26":[0],"27":[0],"28":[0],"29":[0],"30":[0,0],"31":[0],"32":[0],"33":[0],"34":[0],"35":[0,0],"36":[0],"37":[0,0],"38":[0],"39":[0,0],"40":[0],"41":[0],"42":[0,0],"43":[0],"44":[0,0],"45":[0,0],"46":[0],"47":[0],"48":[0],"49":[0],"50":[0,0],"51":[0],"52":[0,0],"53":[0],"54":[0,0],"55":[0],"56":[0,0],"57":[0,0],"58":[0],"59":[0,0],"60":[0],"61":[0],"62":[0],"63":[0],"64":[0],"65":[0],"66":[0],"67":[0,0],"68":[0],"69":[0,0],"70":[0,0],"71":[0],"72":[0,0],"73":[0],"74":[0,0],"75":[0,0],"76":[0],"77":[0,0],"78":[0],"79":[0],"80":[0],"81":[0,0],"82":[0],"83":[0]}}
,"/Users/kundan/Workspace/Clients/Harleen Kaur(Mullhi)/Resume-Mango/user-dashboard/src/hooks/detectMultiOusideClick.ts": {"path":"/Users/kundan/Workspace/Clients/Harleen Kaur(Mullhi)/Resume-Mango/user-dashboard/src/hooks/detectMultiOusideClick.ts","statementMap":{"0":{"start":{"line":1,"column":0},"end":{"line":1,"column":41}},"1":{"start":{"line":9,"column":31},"end":{"line":35,"column":1}},"2":{"start":{"line":13,"column":14},"end":{"line":13,"column":42}},"3":{"start":{"line":14,"column":2},"end":{"line":20,"column":null}},"4":{"start":{"line":15,"column":4},"end":{"line":15,"column":36}},"5":{"start":{"line":15,"column":30},"end":{"line":15,"column":36}},"6":{"start":{"line":16,"column":4},"end":{"line":16,"column":null}},"7":{"start":{"line":17,"column":4},"end":{"line":19,"column":null}},"8":{"start":{"line":18,"column":6},"end":{"line":18,"column":null}},"9":{"start":{"line":22,"column":29},"end":{"line":32,"column":3}},"10":{"start":{"line":23,"column":4},"end":{"line":23,"column":36}},"11":{"start":{"line":23,"column":30},"end":{"line":23,"column":36}},"12":{"start":{"line":24,"column":20},"end":{"line":24,"column":70}},"13":{"start":{"line":26,"column":4},"end":{"line":27,"column":12}},"14":{"start":{"line":27,"column":6},"end":{"line":27,"column":12}},"15":{"start":{"line":28,"column":4},"end":{"line":31,"column":null}},"16":{"start":{"line":29,"column":6},"end":{"line":29,"column":34}},"17":{"start":{"line":29,"column":28},"end":{"line":29,"column":34}},"18":{"start":{"line":30,"column":6},"end":{"line":30,"column":null}},"19":{"start":{"line":34,"column":2},"end":{"line":34,"column":null}},"20":{"start":{"line":37,"column":0},"end":{"line":37,"column":null}}},"fnMap":{"0":{"name":"(anonymous_0)","decl":{"start":{"line":9,"column":31},"end":{"line":9,"column":null}},"loc":{"start":{"line":12,"column":4},"end":{"line":35,"column":1}}},"1":{"name":"(anonymous_1)","decl":{"start":{"line":14,"column":12},"end":{"line":14,"column":15}},"loc":{"start":{"line":14,"column":17},"end":{"line":20,"column":3}}},"2":{"name":"(anonymous_2)","decl":{"start":{"line":17,"column":11},"end":{"line":17,"column":14}},"loc":{"start":{"line":17,"column":16},"end":{"line":19,"column":5}}},"3":{"name":"(anonymous_3)","decl":{"start":{"line":22,"column":29},"end":{"line":22,"column":30}},"loc":{"start":{"line":22,"column":40},"end":{"line":32,"column":3}}}},"branchMap":{"0":{"loc":{"start":{"line":15,"column":4},"end":{"line":15,"column":36}},"type":"if","locations":[{"start":{"line":15,"column":4},"end":{"line":15,"column":36}}]},"1":{"loc":{"start":{"line":15,"column":8},"end":{"line":15,"column":28}},"type":"binary-expr","locations":[{"start":{"line":15,"column":8},"end":{"line":15,"column":12}},{"start":{"line":15,"column":16},"end":{"line":15,"column":28}}]},"2":{"loc":{"start":{"line":23,"column":4},"end":{"line":23,"column":36}},"type":"if","locations":[{"start":{"line":23,"column":4},"end":{"line":23,"column":36}}]},"3":{"loc":{"start":{"line":23,"column":8},"end":{"line":23,"column":28}},"type":"binary-expr","locations":[{"start":{"line":23,"column":8},"end":{"line":23,"column":12}},{"start":{"line":23,"column":16},"end":{"line":23,"column":28}}]},"4":{"loc":{"start":{"line":26,"column":4},"end":{"line":27,"column":12}},"type":"if","locations":[{"start":{"line":26,"column":4},"end":{"line":27,"column":12}}]},"5":{"loc":{"start":{"line":26,"column":8},"end":{"line":26,"column":77}},"type":"binary-expr","locations":[{"start":{"line":26,"column":8},"end":{"line":26,"column":16}},{"start":{"line":26,"column":21},"end":{"line":26,"column":32}},{"start":{"line":26,"column":36},"end":{"line":26,"column":76}}]},"6":{"loc":{"start":{"line":28,"column":4},"end":{"line":31,"column":null}},"type":"if","locations":[{"start":{"line":28,"column":4},"end":{"line":31,"column":null}}]},"7":{"loc":{"start":{"line":29,"column":6},"end":{"line":29,"column":34}},"type":"if","locations":[{"start":{"line":29,"column":6},"end":{"line":29,"column":34}}]}},"s":{"0":2,"1":2,"2":28,"3":28,"4":10,"5":0,"6":10,"7":10,"8":10,"9":28,"10":4,"11":0,"12":4,"13":4,"14":1,"15":3,"16":2,"17":0,"18":2,"19":28,"20":2},"f":{"0":28,"1":10,"2":10,"3":4},"b":{"0":[0],"1":[10,10],"2":[0],"3":[4,4],"4":[1],"5":[4,4,4],"6":[2],"7":[0]}}
,"/Users/kundan/Workspace/Clients/Harleen Kaur(Mullhi)/Resume-Mango/user-dashboard/src/hooks/detectOutsideClick.ts": {"path":"/Users/kundan/Workspace/Clients/Harleen Kaur(Mullhi)/Resume-Mango/user-dashboard/src/hooks/detectOutsideClick.ts","statementMap":{"0":{"start":{"line":1,"column":0},"end":{"line":1,"column":51}},"1":{"start":{"line":7,"column":27},"end":{"line":29,"column":1}},"2":{"start":{"line":8,"column":36},"end":{"line":8,"column":51}},"3":{"start":{"line":9,"column":14},"end":{"line":9,"column":31}},"4":{"start":{"line":11,"column":29},"end":{"line":18,"column":3}},"5":{"start":{"line":12,"column":4},"end":{"line":12,"column":36}},"6":{"start":{"line":12,"column":30},"end":{"line":12,"column":36}},"7":{"start":{"line":13,"column":4},"end":{"line":17,"column":null}},"8":{"start":{"line":14,"column":6},"end":{"line":14,"column":null}},"9":{"start":{"line":16,"column":6},"end":{"line":16,"column":null}},"10":{"start":{"line":20,"column":2},"end":{"line":26,"column":null}},"11":{"start":{"line":21,"column":4},"end":{"line":21,"column":36}},"12":{"start":{"line":21,"column":30},"end":{"line":21,"column":36}},"13":{"start":{"line":22,"column":4},"end":{"line":22,"column":null}},"14":{"start":{"line":23,"column":4},"end":{"line":25,"column":null}},"15":{"start":{"line":24,"column":6},"end":{"line":24,"column":null}},"16":{"start":{"line":28,"column":2},"end":{"line":28,"column":null}},"17":{"start":{"line":31,"column":0},"end":{"line":31,"column":null}}},"fnMap":{"0":{"name":"(anonymous_0)","decl":{"start":{"line":7,"column":27},"end":{"line":7,"column":30}},"loc":{"start":{"line":7,"column":32},"end":{"line":29,"column":1}}},"1":{"name":"(anonymous_1)","decl":{"start":{"line":11,"column":29},"end":{"line":11,"column":30}},"loc":{"start":{"line":11,"column":40},"end":{"line":18,"column":3}}},"2":{"name":"(anonymous_2)","decl":{"start":{"line":20,"column":12},"end":{"line":20,"column":15}},"loc":{"start":{"line":20,"column":17},"end":{"line":26,"column":3}}},"3":{"name":"(anonymous_3)","decl":{"start":{"line":23,"column":11},"end":{"line":23,"column":14}},"loc":{"start":{"line":23,"column":16},"end":{"line":25,"column":5}}}},"branchMap":{"0":{"loc":{"start":{"line":12,"column":4},"end":{"line":12,"column":36}},"type":"if","locations":[{"start":{"line":12,"column":4},"end":{"line":12,"column":36}}]},"1":{"loc":{"start":{"line":12,"column":8},"end":{"line":12,"column":28}},"type":"binary-expr","locations":[{"start":{"line":12,"column":8},"end":{"line":12,"column":12}},{"start":{"line":12,"column":16},"end":{"line":12,"column":28}}]},"2":{"loc":{"start":{"line":13,"column":4},"end":{"line":17,"column":null}},"type":"if","locations":[{"start":{"line":13,"column":4},"end":{"line":17,"column":null}},{"start":{"line":15,"column":11},"end":{"line":17,"column":null}}]},"3":{"loc":{"start":{"line":21,"column":4},"end":{"line":21,"column":36}},"type":"if","locations":[{"start":{"line":21,"column":4},"end":{"line":21,"column":36}}]},"4":{"loc":{"start":{"line":21,"column":8},"end":{"line":21,"column":28}},"type":"binary-expr","locations":[{"start":{"line":21,"column":8},"end":{"line":21,"column":12}},{"start":{"line":21,"column":16},"end":{"line":21,"column":28}}]}},"s":{"0":1,"1":1,"2":2,"3":2,"4":2,"5":3,"6":0,"7":3,"8":1,"9":2,"10":2,"11":2,"12":0,"13":2,"14":2,"15":2,"16":2,"17":1},"f":{"0":2,"1":3,"2":2,"3":2},"b":{"0":[0],"1":[3,3],"2":[1,2],"3":[0],"4":[2,2]}}
,"/Users/kundan/Workspace/Clients/Harleen Kaur(Mullhi)/Resume-Mango/user-dashboard/src/hooks/getQuery.ts": {"path":"/Users/kundan/Workspace/Clients/Harleen Kaur(Mullhi)/Resume-Mango/user-dashboard/src/hooks/getQuery.ts","statementMap":{"0":{"start":{"line":1,"column":0},"end":{"line":1,"column":25}},"1":{"start":{"line":2,"column":0},"end":{"line":2,"column":38}},"2":{"start":{"line":3,"column":0},"end":{"line":3,"column":50}},"3":{"start":{"line":12,"column":17},"end":{"line":21,"column":1}},"4":{"start":{"line":13,"column":26},"end":{"line":13,"column":35}},"5":{"start":{"line":14,"column":14},"end":{"line":14,"column":30}},"6":{"start":{"line":15,"column":18},"end":{"line":18,"column":null}},"7":{"start":{"line":15,"column":29},"end":{"line":18,"column":null}},"8":{"start":{"line":16,"column":21},"end":{"line":16,"column":53}},"9":{"start":{"line":17,"column":4},"end":{"line":17,"column":null}},"10":{"start":{"line":20,"column":2},"end":{"line":20,"column":null}},"11":{"start":{"line":23,"column":0},"end":{"line":23,"column":null}}},"fnMap":{"0":{"name":"(anonymous_8)","decl":{"start":{"line":12,"column":17},"end":{"line":12,"column":18}},"loc":{"start":{"line":12,"column":70},"end":{"line":21,"column":1}}},"1":{"name":"(anonymous_9)","decl":{"start":{"line":15,"column":18},"end":{"line":15,"column":27}},"loc":{"start":{"line":15,"column":29},"end":{"line":18,"column":null}}},"2":{"name":"(anonymous_10)","decl":{"start":{"line":15,"column":29},"end":{"line":15,"column":null}},"loc":{"start":{"line":15,"column":29},"end":{"line":18,"column":3}}}},"branchMap":{"0":{"loc":{"start":{"line":14,"column":14},"end":{"line":14,"column":30}},"type":"binary-expr","locations":[{"start":{"line":14,"column":14},"end":{"line":14,"column":18}},{"start":{"line":14,"column":22},"end":{"line":14,"column":30}}]},"1":{"loc":{"start":{"line":20,"column":50},"end":{"line":20,"column":66}},"type":"binary-expr","locations":[{"start":{"line":20,"column":50},"end":{"line":20,"column":57}},{"start":{"line":20,"column":61},"end":{"line":20,"column":66}}]}},"s":{"0":7,"1":7,"2":7,"3":7,"4":3,"5":3,"6":3,"7":1,"8":1,"9":1,"10":3,"11":7},"f":{"0":3,"1":1,"2":1},"b":{"0":[3,3],"1":[3,2]}}
,"/Users/kundan/Workspace/Clients/Harleen Kaur(Mullhi)/Resume-Mango/user-dashboard/src/hooks/getQueryAdvance.ts": {"path":"/Users/kundan/Workspace/Clients/Harleen Kaur(Mullhi)/Resume-Mango/user-dashboard/src/hooks/getQueryAdvance.ts","statementMap":{"0":{"start":{"line":1,"column":0},"end":{"line":1,"column":55}},"1":{"start":{"line":2,"column":0},"end":{"line":2,"column":50}},"2":{"start":{"line":12,"column":24},"end":{"line":28,"column":1}},"3":{"start":{"line":21,"column":26},"end":{"line":21,"column":35}},"4":{"start":{"line":22,"column":14},"end":{"line":22,"column":30}},"5":{"start":{"line":24,"column":2},"end":{"line":27,"column":null}},"6":{"start":{"line":30,"column":0},"end":{"line":30,"column":null}}},"fnMap":{"0":{"name":"(anonymous_0)","decl":{"start":{"line":12,"column":24},"end":{"line":12,"column":null}},"loc":{"start":{"line":20,"column":4},"end":{"line":28,"column":1}}}},"branchMap":{"0":{"loc":{"start":{"line":15,"column":2},"end":{"line":15,"column":16}},"type":"default-arg","locations":[{"start":{"line":15,"column":12},"end":{"line":15,"column":16}}]},"1":{"loc":{"start":{"line":22,"column":14},"end":{"line":22,"column":30}},"type":"binary-expr","locations":[{"start":{"line":22,"column":14},"end":{"line":22,"column":18}},{"start":{"line":22,"column":22},"end":{"line":22,"column":30}}]},"2":{"loc":{"start":{"line":25,"column":13},"end":{"line":25,"column":40}},"type":"binary-expr","locations":[{"start":{"line":25,"column":13},"end":{"line":25,"column":20}},{"start":{"line":25,"column":24},"end":{"line":25,"column":29}},{"start":{"line":25,"column":33},"end":{"line":25,"column":40}}]}},"s":{"0":13,"1":13,"2":13,"3":5,"4":5,"5":5,"6":13},"f":{"0":5},"b":{"0":[3],"1":[5,5],"2":[5,2,2]}}
,"/Users/kundan/Workspace/Clients/Harleen Kaur(Mullhi)/Resume-Mango/user-dashboard/src/hooks/useExitPromt.ts": {"path":"/Users/kundan/Workspace/Clients/Harleen Kaur(Mullhi)/Resume-Mango/user-dashboard/src/hooks/useExitPromt.ts","statementMap":{"0":{"start":{"line":1,"column":0},"end":{"line":1,"column":43}},"1":{"start":{"line":2,"column":0},"end":{"line":2,"column":68}},"2":{"start":{"line":10,"column":46},"end":{"line":10,"column":60}},"3":{"start":{"line":12,"column":27},"end":{"line":16,"column":3}},"4":{"start":{"line":13,"column":4},"end":{"line":15,"column":null}},"5":{"start":{"line":14,"column":6},"end":{"line":14,"column":48}},"6":{"start":{"line":18,"column":2},"end":{"line":20,"column":null}},"7":{"start":{"line":19,"column":4},"end":{"line":19,"column":null}},"8":{"start":{"line":22,"column":2},"end":{"line":24,"column":null}},"9":{"start":{"line":23,"column":4},"end":{"line":23,"column":null}},"10":{"start":{"line":26,"column":2},"end":{"line":26,"column":null}},"11":{"start":{"line":9,"column":0},"end":{"line":9,"column":24}}},"fnMap":{"0":{"name":"useExitPrompt","decl":{"start":{"line":9,"column":24},"end":{"line":9,"column":37}},"loc":{"start":{"line":9,"column":51},"end":{"line":27,"column":1}}},"1":{"name":"(anonymous_1)","decl":{"start":{"line":12,"column":27},"end":{"line":12,"column":28}},"loc":{"start":{"line":12,"column":55},"end":{"line":16,"column":3}}},"2":{"name":"(anonymous_2)","decl":{"start":{"line":13,"column":52},"end":{"line":13,"column":53}},"loc":{"start":{"line":14,"column":6},"end":{"line":14,"column":48}}},"3":{"name":"(anonymous_3)","decl":{"start":{"line":18,"column":42},"end":{"line":18,"column":45}},"loc":{"start":{"line":18,"column":47},"end":{"line":20,"column":3}}},"4":{"name":"(anonymous_4)","decl":{"start":{"line":22,"column":12},"end":{"line":22,"column":15}},"loc":{"start":{"line":22,"column":17},"end":{"line":24,"column":3}}}},"branchMap":{},"s":{"0":5,"1":5,"2":28,"3":28,"4":8,"5":0,"6":28,"7":0,"8":28,"9":8,"10":28,"11":5},"f":{"0":28,"1":8,"2":0,"3":0,"4":8},"b":{}}
}
