TN:
SF:src/apis/calendar.ts
FN:12,(anonymous_8)
FN:12,(anonymous_9)
FN:40,(anonymous_10)
FN:42,(anonymous_11)
FN:71,(anonymous_12)
FN:71,(anonymous_13)
FNF:6
FNH:6
FNDA:2,(anonymous_8)
FNDA:2,(anonymous_9)
FNDA:2,(anonymous_10)
FNDA:2,(anonymous_11)
FNDA:2,(anonymous_12)
FNDA:2,(anonymous_13)
DA:1,1
DA:12,2
DA:16,2
DA:18,2
DA:19,2
DA:31,2
DA:32,1
DA:33,1
DA:34,1
DA:36,1
DA:40,1
DA:42,2
DA:46,2
DA:48,2
DA:49,2
DA:62,2
DA:63,1
DA:64,1
DA:65,1
DA:67,1
DA:71,2
DA:74,2
DA:75,2
DA:82,2
DA:83,1
DA:84,1
DA:85,1
DA:87,1
LF:28
LH:28
BRF:0
BRH:0
end_of_record
TN:
SF:src/apis/coverLetter.ts
FN:4,(anonymous_8)
FN:4,(anonymous_9)
FN:19,(anonymous_10)
FN:19,(anonymous_11)
FN:43,(anonymous_12)
FN:43,(anonymous_13)
FN:59,(anonymous_14)
FN:62,(anonymous_15)
FN:70,(anonymous_16)
FN:70,(anonymous_17)
FNF:10
FNH:10
FNDA:2,(anonymous_8)
FNDA:2,(anonymous_9)
FNDA:2,(anonymous_10)
FNDA:2,(anonymous_11)
FNDA:2,(anonymous_12)
FNDA:2,(anonymous_13)
FNDA:1,(anonymous_14)
FNDA:1,(anonymous_15)
FNDA:2,(anonymous_16)
FNDA:2,(anonymous_17)
DA:1,9
DA:2,9
DA:4,9
DA:6,2
DA:11,2
DA:12,2
DA:13,1
DA:15,1
DA:19,9
DA:23,2
DA:31,2
DA:32,2
DA:33,1
DA:34,1
DA:35,1
DA:37,1
DA:43,9
DA:44,2
DA:45,1
DA:48,2
DA:50,2
DA:57,2
DA:60,1
DA:64,1
DA:67,2
DA:70,9
DA:74,2
DA:79,2
DA:80,2
DA:81,1
DA:82,1
DA:83,1
DA:85,1
LF:33
LH:33
BRDA:44,0,0,1
BRF:1
BRH:1
end_of_record
TN:
SF:src/apis/progress_tracker.ts
FN:5,(anonymous_8)
FN:5,(anonymous_9)
FN:20,(anonymous_10)
FN:23,(anonymous_11)
FNF:4
FNH:4
FNDA:3,(anonymous_8)
FNDA:3,(anonymous_9)
FNDA:1,(anonymous_10)
FNDA:2,(anonymous_11)
DA:1,3
DA:5,3
DA:6,3
DA:7,1
DA:10,3
DA:12,3
DA:18,3
DA:21,1
DA:25,2
DA:28,3
LF:10
LH:10
BRDA:6,0,0,1
BRF:1
BRH:1
end_of_record
TN:
SF:src/apis/resume.ts
FN:4,(anonymous_8)
FN:4,(anonymous_9)
FN:19,(anonymous_10)
FN:19,(anonymous_11)
FN:43,(anonymous_12)
FN:43,(anonymous_13)
FN:59,(anonymous_14)
FN:62,(anonymous_15)
FN:70,(anonymous_16)
FN:70,(anonymous_17)
FN:91,(anonymous_18)
FN:91,(anonymous_19)
FN:110,(anonymous_20)
FN:110,(anonymous_21)
FNF:14
FNH:14
FNDA:4,(anonymous_8)
FNDA:4,(anonymous_9)
FNDA:2,(anonymous_10)
FNDA:2,(anonymous_11)
FNDA:2,(anonymous_12)
FNDA:2,(anonymous_13)
FNDA:1,(anonymous_14)
FNDA:1,(anonymous_15)
FNDA:2,(anonymous_16)
FNDA:2,(anonymous_17)
FNDA:2,(anonymous_18)
FNDA:2,(anonymous_19)
FNDA:2,(anonymous_20)
FNDA:2,(anonymous_21)
DA:1,5
DA:2,5
DA:4,5
DA:6,4
DA:11,4
DA:12,4
DA:13,1
DA:15,3
DA:19,5
DA:23,2
DA:31,2
DA:32,2
DA:33,1
DA:34,1
DA:35,1
DA:37,1
DA:43,5
DA:44,2
DA:45,1
DA:48,2
DA:50,2
DA:57,2
DA:60,1
DA:64,1
DA:67,2
DA:70,5
DA:74,2
DA:81,2
DA:82,2
DA:83,1
DA:84,1
DA:85,1
DA:87,1
DA:91,5
DA:95,2
DA:100,2
DA:101,2
DA:102,1
DA:103,1
DA:104,1
DA:106,1
DA:110,5
DA:114,2
DA:119,2
DA:120,2
DA:121,1
DA:122,1
DA:123,1
DA:125,1
LF:49
LH:49
BRDA:44,0,0,1
BRF:1
BRH:1
end_of_record
TN:
SF:src/apis/subscribe.ts
FN:8,(anonymous_8)
FN:8,(anonymous_9)
FN:32,(anonymous_10)
FN:32,(anonymous_11)
FN:57,(anonymous_12)
FN:60,(anonymous_13)
FNF:6
FNH:6
FNDA:2,(anonymous_8)
FNDA:2,(anonymous_9)
FNDA:2,(anonymous_10)
FNDA:2,(anonymous_11)
FNDA:2,(anonymous_12)
FNDA:2,(anonymous_13)
DA:1,1
DA:8,2
DA:12,2
DA:17,2
DA:18,2
DA:19,1
DA:20,1
DA:21,1
DA:23,1
DA:32,2
DA:36,2
DA:41,2
DA:42,2
DA:43,1
DA:44,1
DA:45,1
DA:47,1
DA:57,1
DA:60,2
DA:64,2
DA:69,2
DA:70,2
DA:71,1
DA:72,1
DA:73,1
DA:75,1
LF:26
LH:26
BRF:0
BRH:0
end_of_record
TN:
SF:src/apis/task.ts
FN:122,(anonymous_8)
FN:122,(anonymous_9)
FN:137,(anonymous_10)
FN:140,(anonymous_11)
FNF:4
FNH:4
FNDA:3,(anonymous_8)
FNDA:3,(anonymous_9)
FNDA:1,(anonymous_10)
FNDA:2,(anonymous_11)
DA:5,3
DA:122,3
DA:123,3
DA:124,1
DA:127,3
DA:129,3
DA:135,3
DA:138,1
DA:142,2
DA:145,3
LF:10
LH:10
BRDA:123,0,0,1
BRF:1
BRH:1
end_of_record
TN:
SF:src/apis/user.ts
FN:7,(anonymous_8)
FN:7,(anonymous_9)
FNF:2
FNH:2
FNDA:2,(anonymous_8)
FNDA:2,(anonymous_9)
DA:1,2
DA:7,2
DA:11,2
DA:16,2
DA:17,2
DA:18,1
DA:19,1
DA:20,1
DA:22,1
LF:9
LH:9
BRF:0
BRH:0
end_of_record
TN:
SF:src/contexts/authProvider.tsx
FN:37,(anonymous_14)
FN:46,(anonymous_15)
FN:46,(anonymous_16)
FN:49,(anonymous_17)
FN:77,(anonymous_18)
FNF:5
FNH:5
FNDA:8,(anonymous_14)
FNDA:1,(anonymous_15)
FNDA:1,(anonymous_16)
FNDA:4,(anonymous_17)
FNDA:12,(anonymous_18)
DA:1,15
DA:2,15
DA:3,15
DA:4,15
DA:35,15
DA:37,15
DA:38,8
DA:39,8
DA:40,8
DA:41,8
DA:42,8
DA:43,8
DA:44,8
DA:46,8
DA:47,1
DA:49,8
DA:50,4
DA:52,4
DA:53,3
DA:54,1
DA:56,1
DA:57,1
DA:58,1
DA:62,8
DA:77,15
DA:79,12
DA:81,12
DA:84,15
LF:28
LH:28
BRDA:50,0,0,0
BRDA:52,1,0,3
BRDA:52,1,1,1
BRDA:53,2,0,2
BRF:4
BRH:3
end_of_record
TN:
SF:src/contexts/coverLetter.tsx
FN:67,(anonymous_13)
FN:101,(anonymous_14)
FN:130,(anonymous_15)
FN:134,(anonymous_16)
FN:134,(anonymous_17)
FN:139,(anonymous_18)
FN:170,(anonymous_19)
FN:173,(anonymous_20)
FN:197,(anonymous_21)
FN:207,(anonymous_22)
FN:213,(anonymous_23)
FN:216,(anonymous_24)
FN:217,(anonymous_25)
FN:217,(anonymous_26)
FN:369,(anonymous_27)
FNF:15
FNH:15
FNDA:24,(anonymous_13)
FNDA:5,(anonymous_14)
FNDA:9,(anonymous_15)
FNDA:3,(anonymous_16)
FNDA:3,(anonymous_17)
FNDA:8,(anonymous_18)
FNDA:3,(anonymous_19)
FNDA:8,(anonymous_20)
FNDA:3,(anonymous_21)
FNDA:5,(anonymous_22)
FNDA:3,(anonymous_23)
FNDA:3,(anonymous_24)
FNDA:1,(anonymous_25)
FNDA:1,(anonymous_26)
FNDA:17,(anonymous_27)
DA:1,4
DA:2,4
DA:4,4
DA:5,4
DA:6,4
DA:7,4
DA:8,4
DA:9,4
DA:10,4
DA:11,4
DA:32,4
DA:65,4
DA:67,4
DA:68,24
DA:69,24
DA:70,24
DA:71,24
DA:72,24
DA:73,24
DA:74,24
DA:76,24
DA:77,24
DA:79,24
DA:90,24
DA:99,24
DA:101,24
DA:102,5
DA:103,5
DA:104,3
DA:107,5
DA:109,5
DA:110,3
DA:122,3
DA:127,3
DA:130,24
DA:131,9
DA:134,24
DA:135,3
DA:136,3
DA:139,24
DA:140,8
DA:146,5
DA:147,3
DA:148,3
DA:170,3
DA:173,24
DA:174,8
DA:175,3
DA:176,3
DA:177,3
DA:180,3
DA:181,3
DA:182,3
DA:183,3
DA:184,3
DA:196,3
DA:197,3
DA:198,3
DA:202,24
DA:204,24
DA:205,24
DA:207,24
DA:208,5
DA:209,0
DA:213,24
DA:216,3
DA:217,3
DA:218,1
DA:314,3
DA:315,2
DA:316,2
DA:317,1
DA:325,2
DA:326,1
DA:327,1
DA:328,1
DA:330,1
DA:331,1
DA:332,1
DA:338,1
DA:342,24
DA:367,4
DA:369,4
DA:381,17
DA:383,17
DA:397,4
LF:86
LH:85
BRDA:90,0,0,24
BRDA:90,0,1,19
BRDA:102,1,0,0
BRDA:103,2,0,3
BRDA:109,3,0,2
BRDA:111,4,0,3
BRDA:111,4,1,0
BRDA:112,5,0,3
BRDA:112,5,1,0
BRDA:113,6,0,3
BRDA:113,6,1,0
BRDA:114,7,0,3
BRDA:114,7,1,0
BRDA:115,8,0,3
BRDA:115,8,1,0
BRDA:116,9,0,3
BRDA:116,9,1,3
BRDA:117,10,0,3
BRDA:117,10,1,3
BRDA:118,11,0,3
BRDA:118,11,1,3
BRDA:119,12,0,3
BRDA:119,12,1,3
BRDA:120,13,0,3
BRDA:120,13,1,3
BRDA:140,14,0,5
BRDA:141,15,0,8
BRDA:141,15,1,3
BRDA:141,15,2,3
BRDA:141,15,3,3
BRDA:174,16,0,5
BRDA:174,17,0,8
BRDA:174,17,1,8
BRDA:174,17,2,3
BRDA:176,18,0,3
BRDA:208,19,0,0
BRDA:208,20,0,5
BRDA:208,20,1,4
BRDA:314,21,0,2
BRDA:316,22,0,1
BRDA:325,23,0,1
BRDA:325,23,1,1
BRDA:325,24,0,2
BRDA:325,24,1,2
BRDA:345,25,0,24
BRDA:345,25,1,0
BRDA:347,26,0,24
BRDA:347,26,1,0
BRDA:347,26,2,0
BRDA:347,26,3,0
BRDA:347,26,4,0
BRF:51
BRH:39
end_of_record
TN:
SF:src/contexts/notify.tsx
FN:34,(anonymous_7)
FN:38,(anonymous_8)
FN:48,(anonymous_9)
FN:49,(anonymous_10)
FN:55,(anonymous_11)
FN:60,(anonymous_12)
FN:61,(anonymous_13)
FN:74,(anonymous_14)
FN:90,(anonymous_15)
FN:102,(anonymous_16)
FN:121,(anonymous_17)
FN:136,(anonymous_18)
FN:153,(anonymous_19)
FNF:13
FNH:13
FNDA:65,(anonymous_7)
FNDA:49,(anonymous_8)
FNDA:54,(anonymous_9)
FNDA:2,(anonymous_10)
FNDA:54,(anonymous_11)
FNDA:5,(anonymous_12)
FNDA:5,(anonymous_13)
FNDA:7,(anonymous_14)
FNDA:4,(anonymous_15)
FNDA:104,(anonymous_16)
FNDA:61,(anonymous_17)
FNDA:7,(anonymous_18)
FNDA:7,(anonymous_19)
DA:1,18
DA:2,18
DA:3,18
DA:4,18
DA:5,18
DA:6,18
DA:7,18
DA:8,18
DA:32,18
DA:34,18
DA:35,65
DA:36,61
DA:38,61
DA:39,49
DA:40,7
DA:45,7
DA:48,61
DA:49,54
DA:50,2
DA:51,1
DA:55,54
DA:56,54
DA:60,61
DA:61,5
DA:62,5
DA:63,5
DA:66,61
DA:75,7
DA:90,4
DA:102,18
DA:103,104
DA:105,104
DA:108,18
DA:110,18
DA:121,61
DA:123,18
DA:137,7
DA:154,7
DA:163,18
DA:170,18
DA:174,18
DA:177,18
LF:42
LH:42
BRDA:39,0,0,42
BRDA:50,1,0,1
BRDA:50,2,0,2
BRDA:50,2,1,2
BRDA:73,3,0,61
BRDA:73,3,1,7
BRDA:76,4,0,1
BRDA:76,4,1,6
BRDA:78,5,0,1
BRDA:78,5,1,5
BRDA:80,6,0,1
BRDA:80,6,1,4
BRDA:82,7,0,4
BRDA:82,7,1,0
BRDA:121,8,0,7
BRDA:121,8,1,54
BRDA:137,9,0,1
BRDA:137,9,1,6
BRDA:139,10,0,1
BRDA:139,10,1,5
BRDA:141,11,0,4
BRDA:141,11,1,1
BRDA:154,12,0,1
BRDA:154,12,1,6
BRDA:156,13,0,1
BRDA:156,13,1,5
BRDA:158,14,0,4
BRDA:158,14,1,1
BRF:28
BRH:27
end_of_record
TN:
SF:src/contexts/progressTracker.tsx
FN:69,(anonymous_14)
FN:97,(anonymous_15)
FN:102,(anonymous_16)
FN:103,(anonymous_17)
FN:146,(anonymous_18)
FN:188,(anonymous_19)
FN:191,(anonymous_20)
FN:200,(anonymous_21)
FN:203,(anonymous_22)
FN:203,(anonymous_23)
FN:263,(anonymous_24)
FNF:11
FNH:11
FNDA:13,(anonymous_14)
FNDA:1,(anonymous_15)
FNDA:1,(anonymous_16)
FNDA:1,(anonymous_17)
FNDA:3,(anonymous_18)
FNDA:3,(anonymous_19)
FNDA:1,(anonymous_20)
FNDA:1,(anonymous_21)
FNDA:1,(anonymous_22)
FNDA:1,(anonymous_23)
FNDA:13,(anonymous_24)
DA:1,1
DA:2,1
DA:3,1
DA:7,1
DA:8,1
DA:9,1
DA:10,1
DA:67,1
DA:69,1
DA:70,13
DA:71,13
DA:72,13
DA:73,13
DA:74,13
DA:75,13
DA:79,13
DA:81,13
DA:83,13
DA:85,13
DA:87,13
DA:93,13
DA:94,13
DA:95,13
DA:97,13
DA:98,1
DA:99,1
DA:102,13
DA:103,1
DA:104,1
DA:146,13
DA:147,3
DA:148,2
DA:178,13
DA:188,13
DA:189,3
DA:190,1
DA:191,1
DA:192,1
DA:198,1
DA:200,1
DA:203,13
DA:204,1
DA:236,13
DA:263,1
DA:280,13
DA:282,13
DA:301,1
LF:47
LH:47
BRDA:93,0,0,13
BRDA:93,0,1,13
BRDA:93,0,2,0
BRDA:94,1,0,13
BRDA:94,1,1,13
BRDA:94,1,2,0
BRDA:95,2,0,13
BRDA:95,2,1,13
BRDA:95,2,2,0
BRDA:98,3,0,0
BRDA:147,4,0,1
BRDA:147,4,1,2
BRDA:189,5,0,2
BRDA:189,6,0,3
BRDA:189,6,1,1
BRF:15
BRH:11
end_of_record
TN:
SF:src/contexts/resume.tsx
FN:86,(anonymous_13)
FN:119,(anonymous_14)
FN:153,(anonymous_15)
FN:159,(anonymous_16)
FN:159,(anonymous_17)
FN:164,(anonymous_18)
FN:195,(anonymous_19)
FN:198,(anonymous_20)
FN:230,(anonymous_21)
FN:236,(anonymous_22)
FN:239,(anonymous_23)
FN:240,(anonymous_24)
FN:240,(anonymous_25)
FN:367,(anonymous_26)
FNF:14
FNH:14
FNDA:22,(anonymous_13)
FNDA:3,(anonymous_14)
FNDA:7,(anonymous_15)
FNDA:3,(anonymous_16)
FNDA:3,(anonymous_17)
FNDA:6,(anonymous_18)
FNDA:3,(anonymous_19)
FNDA:6,(anonymous_20)
FNDA:3,(anonymous_21)
FNDA:3,(anonymous_22)
FNDA:3,(anonymous_23)
FNDA:1,(anonymous_24)
FNDA:1,(anonymous_25)
FNDA:17,(anonymous_26)
DA:1,1
DA:2,1
DA:4,1
DA:5,1
DA:6,1
DA:7,1
DA:8,1
DA:9,1
DA:10,1
DA:11,1
DA:29,1
DA:45,1
DA:84,1
DA:86,1
DA:87,22
DA:88,22
DA:89,22
DA:90,22
DA:91,22
DA:92,22
DA:93,22
DA:95,22
DA:96,22
DA:98,22
DA:108,22
DA:117,22
DA:119,22
DA:120,3
DA:121,3
DA:122,3
DA:125,3
DA:126,3
DA:145,3
DA:150,3
DA:153,22
DA:154,7
DA:159,22
DA:160,3
DA:161,3
DA:164,22
DA:165,6
DA:171,3
DA:172,3
DA:173,3
DA:195,3
DA:198,22
DA:199,6
DA:200,3
DA:201,3
DA:202,3
DA:204,3
DA:205,3
DA:206,3
DA:207,3
DA:208,3
DA:213,3
DA:225,22
DA:227,22
DA:228,22
DA:230,22
DA:231,3
DA:232,0
DA:236,22
DA:239,3
DA:240,3
DA:241,1
DA:317,3
DA:318,2
DA:319,2
DA:320,1
DA:328,2
DA:329,1
DA:330,1
DA:331,1
DA:333,1
DA:334,1
DA:335,1
DA:336,1
DA:340,22
DA:365,1
DA:367,1
DA:379,17
DA:381,17
DA:395,1
LF:84
LH:83
BRDA:108,0,0,22
BRDA:108,0,1,19
BRDA:120,1,0,0
BRDA:121,2,0,3
BRDA:127,3,0,3
BRDA:127,3,1,0
BRDA:128,4,0,3
BRDA:128,4,1,0
BRDA:129,5,0,3
BRDA:129,5,1,0
BRDA:130,6,0,3
BRDA:130,6,1,0
BRDA:131,7,0,3
BRDA:131,7,1,0
BRDA:132,8,0,3
BRDA:132,8,1,0
BRDA:133,9,0,3
BRDA:133,9,1,0
BRDA:134,10,0,3
BRDA:134,10,1,3
BRDA:135,11,0,3
BRDA:135,11,1,3
BRDA:136,12,0,3
BRDA:136,12,1,0
BRDA:137,13,0,3
BRDA:137,13,1,0
BRDA:138,14,0,3
BRDA:138,14,1,0
BRDA:139,15,0,3
BRDA:139,15,1,0
BRDA:140,16,0,3
BRDA:140,16,1,0
BRDA:141,17,0,3
BRDA:141,17,1,0
BRDA:142,18,0,3
BRDA:142,18,1,0
BRDA:165,19,0,3
BRDA:166,20,0,6
BRDA:166,20,1,3
BRDA:166,20,2,3
BRDA:166,20,3,3
BRDA:199,21,0,3
BRDA:199,22,0,6
BRDA:199,22,1,6
BRDA:199,22,2,3
BRDA:201,23,0,3
BRDA:231,24,0,0
BRDA:231,25,0,3
BRDA:231,25,1,1
BRDA:317,26,0,2
BRDA:319,27,0,1
BRDA:328,28,0,1
BRDA:328,28,1,1
BRDA:328,29,0,2
BRDA:328,29,1,2
BRDA:343,30,0,22
BRDA:343,30,1,0
BRDA:345,31,0,22
BRDA:345,31,1,0
BRDA:345,31,2,0
BRDA:345,31,3,0
BRDA:345,31,4,0
BRF:62
BRH:41
end_of_record
TN:
SF:src/contexts/taskBorard.tsx
FN:69,(anonymous_14)
FN:89,(anonymous_15)
FN:95,(anonymous_16)
FN:96,(anonymous_17)
FN:135,(anonymous_18)
FN:177,(anonymous_19)
FN:180,(anonymous_20)
FN:189,(anonymous_21)
FN:192,(anonymous_22)
FN:192,(anonymous_23)
FN:250,(anonymous_24)
FNF:11
FNH:11
FNDA:13,(anonymous_14)
FNDA:1,(anonymous_15)
FNDA:1,(anonymous_16)
FNDA:1,(anonymous_17)
FNDA:3,(anonymous_18)
FNDA:3,(anonymous_19)
FNDA:1,(anonymous_20)
FNDA:1,(anonymous_21)
FNDA:1,(anonymous_22)
FNDA:1,(anonymous_23)
FNDA:13,(anonymous_24)
DA:1,1
DA:2,1
DA:3,1
DA:4,1
DA:5,1
DA:6,1
DA:10,1
DA:67,1
DA:69,1
DA:70,13
DA:71,13
DA:72,13
DA:73,13
DA:74,13
DA:75,13
DA:79,13
DA:81,13
DA:83,13
DA:85,13
DA:87,13
DA:89,13
DA:90,1
DA:91,1
DA:92,1
DA:95,13
DA:96,1
DA:97,1
DA:135,13
DA:136,3
DA:137,2
DA:167,13
DA:177,13
DA:178,3
DA:179,1
DA:180,1
DA:181,1
DA:187,1
DA:189,1
DA:192,13
DA:193,1
DA:223,13
DA:250,1
DA:267,13
DA:269,13
DA:288,1
LF:45
LH:45
BRDA:87,0,0,13
BRDA:87,0,1,13
BRDA:87,0,2,0
BRDA:90,1,0,0
BRDA:136,2,0,1
BRDA:136,2,1,2
BRDA:178,3,0,2
BRDA:178,4,0,3
BRDA:178,4,1,1
BRF:9
BRH:7
end_of_record
TN:
SF:src/contexts/viewPort.tsx
FN:13,(anonymous_6)
FN:22,(anonymous_7)
FN:30,(anonymous_8)
FN:36,(anonymous_9)
FN:51,(anonymous_10)
FN:56,(anonymous_11)
FN:79,(anonymous_12)
FNF:7
FNH:7
FNDA:87,(anonymous_6)
FNDA:45,(anonymous_7)
FNDA:45,(anonymous_8)
FNDA:45,(anonymous_9)
FNDA:87,(anonymous_10)
FNDA:45,(anonymous_11)
FNDA:40,(anonymous_12)
DA:1,18
DA:3,18
DA:13,18
DA:14,87
DA:15,87
DA:16,87
DA:17,87
DA:18,87
DA:19,87
DA:20,87
DA:22,87
DA:23,45
DA:24,45
DA:25,45
DA:26,45
DA:27,45
DA:30,87
DA:31,45
DA:32,45
DA:33,45
DA:36,87
DA:37,45
DA:38,1
DA:41,45
DA:42,2
DA:45,45
DA:46,42
DA:48,45
DA:51,87
DA:52,87
DA:53,42
DA:55,45
DA:56,45
DA:57,45
DA:62,87
DA:79,18
DA:81,40
DA:83,40
DA:86,18
LF:39
LH:39
BRDA:37,0,0,1
BRDA:41,1,0,2
BRDA:41,2,0,45
BRDA:41,2,1,44
BRDA:45,3,0,42
BRDA:52,4,0,42
BRDA:52,4,1,45
BRDA:52,5,0,87
BRDA:52,5,1,42
BRF:9
BRH:9
end_of_record
TN:
SF:src/contexts/windowFocus.tsx
FN:5,(anonymous_6)
FN:12,handleActivity
FN:20,(anonymous_8)
FN:21,(anonymous_9)
FN:22,(anonymous_10)
FN:30,(anonymous_11)
FN:46,(anonymous_12)
FNF:7
FNH:7
FNDA:5,(anonymous_6)
FNDA:3,handleActivity
FNDA:4,(anonymous_8)
FNDA:2,(anonymous_9)
FNDA:1,(anonymous_10)
FNDA:4,(anonymous_11)
FNDA:11,(anonymous_12)
DA:1,16
DA:3,16
DA:5,16
DA:10,5
DA:13,3
DA:14,3
DA:17,0
DA:20,5
DA:21,4
DA:22,4
DA:24,4
DA:25,4
DA:26,4
DA:27,4
DA:28,4
DA:30,4
DA:31,4
DA:32,4
DA:33,4
DA:34,4
DA:35,4
DA:39,5
DA:46,16
DA:47,11
DA:49,11
LF:25
LH:24
BRDA:13,0,0,3
BRDA:14,1,0,1
BRDA:14,1,1,2
BRDA:17,2,0,0
BRDA:17,2,1,0
BRF:5
BRH:3
end_of_record
TN:
SF:src/helpers/axiosRequest.ts
FN:7,(anonymous_8)
FN:9,(anonymous_9)
FNF:2
FNH:2
FNDA:4,(anonymous_8)
FNDA:4,(anonymous_9)
DA:1,17
DA:7,17
DA:9,4
DA:10,4
DA:11,4
DA:12,4
DA:13,4
DA:14,2
DA:16,2
DA:21,4
DA:24,17
LF:11
LH:11
BRDA:14,0,0,2
BRDA:14,0,1,1
BRDA:17,1,0,2
BRDA:17,1,1,1
BRDA:17,1,2,1
BRDA:17,1,3,1
BRF:6
BRH:6
end_of_record
TN:
SF:src/helpers/calender.ts
FN:14,(anonymous_0)
FN:46,(anonymous_1)
FN:57,(anonymous_2)
FN:69,(anonymous_3)
FNF:4
FNH:4
FNDA:8,(anonymous_0)
FNDA:248,(anonymous_1)
FNDA:4,(anonymous_2)
FNDA:28,(anonymous_3)
DA:14,3
DA:22,8
DA:24,8
DA:25,8
DA:26,8
DA:28,8
DA:29,8
DA:33,8
DA:34,8
DA:35,8
DA:39,8
DA:40,8
DA:42,8
DA:46,8
DA:47,248
DA:55,8
DA:58,4
DA:68,8
DA:70,28
DA:79,8
DA:87,3
LF:21
LH:21
BRDA:29,0,0,8
BRDA:29,0,1,0
BRDA:42,1,0,7
BRDA:42,1,1,1
BRF:4
BRH:3
end_of_record
TN:
SF:src/helpers/coverletter.ts
FN:16,(anonymous_8)
FN:20,(anonymous_9)
FN:42,(anonymous_10)
FN:50,(anonymous_11)
FN:57,(anonymous_12)
FN:78,(anonymous_13)
FN:83,(anonymous_14)
FN:121,(anonymous_15)
FN:131,(anonymous_16)
FN:158,(anonymous_17)
FNF:10
FNH:10
FNDA:2,(anonymous_8)
FNDA:2,(anonymous_9)
FNDA:3,(anonymous_10)
FNDA:3,(anonymous_11)
FNDA:2,(anonymous_12)
FNDA:2,(anonymous_13)
FNDA:2,(anonymous_14)
FNDA:5,(anonymous_15)
FNDA:5,(anonymous_16)
FNDA:4,(anonymous_17)
DA:1,6
DA:4,6
DA:16,6
DA:20,2
DA:21,2
DA:22,2
DA:23,1
DA:24,1
DA:25,1
DA:27,1
DA:42,6
DA:50,3
DA:51,3
DA:52,3
DA:53,2
DA:54,2
DA:55,2
DA:56,2
DA:57,2
DA:58,1
DA:59,1
DA:61,1
DA:67,2
DA:78,6
DA:83,2
DA:84,2
DA:86,2
DA:87,1
DA:92,1
DA:94,1
DA:96,1
DA:98,1
DA:99,1
DA:100,1
DA:101,1
DA:102,1
DA:103,1
DA:104,1
DA:105,1
DA:121,6
DA:131,5
DA:132,5
DA:134,5
DA:135,5
DA:136,5
DA:137,4
DA:144,4
DA:145,3
DA:146,3
DA:147,3
DA:156,3
DA:157,3
DA:158,4
DA:159,3
DA:160,2
DA:162,1
DA:164,3
DA:166,3
DA:168,3
DA:169,3
DA:170,3
DA:180,1
DA:182,1
DA:185,3
DA:187,1
DA:193,4
LF:66
LH:66
BRDA:22,0,0,1
BRDA:22,0,1,1
BRDA:22,1,0,2
BRDA:22,1,1,1
BRDA:52,2,0,1
BRDA:56,3,0,1
BRDA:56,3,1,1
BRDA:56,4,0,2
BRDA:56,4,1,1
BRDA:86,5,0,1
BRDA:86,6,0,2
BRDA:86,6,1,1
BRDA:94,7,0,1
BRDA:94,7,1,0
BRDA:136,8,0,1
BRDA:144,9,0,3
BRDA:144,9,1,1
BRDA:144,10,0,4
BRDA:144,10,1,3
BRDA:145,11,0,3
BRDA:146,12,0,3
BRDA:146,12,1,0
BRDA:157,13,0,3
BRDA:159,14,0,2
BRDA:159,14,1,1
BRDA:180,15,0,0
BRDA:180,15,1,1
BRF:27
BRH:24
end_of_record
TN:
SF:src/helpers/date.ts
FN:6,(anonymous_0)
FN:15,(anonymous_1)
FN:25,(anonymous_2)
FN:35,(anonymous_3)
FNF:4
FNH:3
FNDA:1,(anonymous_0)
FNDA:1,(anonymous_1)
FNDA:1,(anonymous_2)
FNDA:0,(anonymous_3)
DA:6,1
DA:7,1
DA:15,1
DA:16,1
DA:17,1
DA:25,1
DA:26,1
DA:27,1
DA:35,1
DA:36,0
LF:10
LH:9
BRF:0
BRH:0
end_of_record
TN:
SF:src/helpers/draggableBoard.ts
FN:11,(anonymous_0)
FN:20,(anonymous_1)
FNF:2
FNH:2
FNDA:1,(anonymous_0)
FNDA:1,(anonymous_1)
DA:11,3
DA:18,1
DA:19,1
DA:20,1
DA:22,1
DA:23,1
LF:6
LH:6
BRF:0
BRH:0
end_of_record
TN:
SF:src/helpers/eventAdderToCalendar.ts
FN:9,(anonymous_1)
FN:10,(anonymous_2)
FN:20,(anonymous_3)
FN:22,(anonymous_4)
FNF:4
FNH:4
FNDA:21,(anonymous_1)
FNDA:200,(anonymous_2)
FNDA:8,(anonymous_3)
FNDA:20,(anonymous_4)
DA:1,2
DA:9,2
DA:10,21
DA:11,200
DA:20,2
DA:21,8
DA:24,20
DA:25,19
DA:30,19
DA:31,19
DA:32,19
DA:33,18
DA:35,8
LF:13
LH:13
BRDA:21,0,0,8
BRDA:21,0,1,8
BRDA:24,1,0,1
BRDA:25,2,0,0
BRDA:25,2,1,19
BRDA:27,3,0,19
BRDA:27,3,1,0
BRDA:30,4,0,0
BRDA:32,5,0,1
BRF:9
BRH:6
end_of_record
TN:
SF:src/helpers/fetchAuthData.ts
FN:12,(anonymous_8)
FN:17,(anonymous_9)
FN:21,(anonymous_10)
FN:33,(anonymous_11)
FN:43,(anonymous_12)
FNF:5
FNH:5
FNDA:3,(anonymous_8)
FNDA:3,(anonymous_9)
FNDA:2,(anonymous_10)
FNDA:1,(anonymous_11)
FNDA:3,(anonymous_12)
DA:1,16
DA:2,16
DA:12,16
DA:17,3
DA:18,3
DA:19,3
DA:22,2
DA:24,2
DA:25,2
DA:27,2
DA:29,2
DA:31,2
DA:34,1
DA:35,1
DA:39,1
DA:41,1
DA:44,3
LF:17
LH:17
BRDA:22,0,0,0
BRDA:22,1,0,2
BRDA:22,1,1,2
BRDA:24,2,0,2
BRDA:34,3,0,1
BRDA:34,4,0,1
BRDA:34,4,1,1
BRDA:34,4,2,1
BRF:8
BRH:7
end_of_record
TN:
SF:src/helpers/getCalendar.ts
FN:12,(anonymous_8)
FN:12,(anonymous_9)
FNF:2
FNH:2
FNDA:3,(anonymous_8)
FNDA:3,(anonymous_9)
DA:1,2
DA:2,2
DA:3,2
DA:5,2
DA:12,3
DA:13,3
DA:14,3
DA:15,3
DA:16,3
DA:17,3
DA:18,3
DA:21,1
DA:22,0
DA:24,2
LF:14
LH:13
BRDA:19,0,0,3
BRDA:19,0,1,3
BRDA:19,1,0,3
BRDA:19,1,1,3
BRDA:21,2,0,1
BRDA:21,2,1,0
BRF:6
BRH:5
end_of_record
TN:
SF:src/helpers/idGenerator.ts
FN:5,(anonymous_0)
FNF:1
FNH:1
FNDA:8,(anonymous_0)
DA:5,19
DA:6,8
DA:7,8
DA:10,19
LF:4
LH:4
BRF:0
BRH:0
end_of_record
TN:
SF:src/helpers/loadFonts.ts
FN:5,(anonymous_7)
FN:5,(anonymous_8)
FN:8,(anonymous_9)
FN:17,(anonymous_10)
FN:19,(anonymous_11)
FNF:5
FNH:5
FNDA:2,(anonymous_7)
FNDA:2,(anonymous_8)
FNDA:1,(anonymous_9)
FNDA:1,(anonymous_10)
FNDA:1,(anonymous_11)
DA:5,6
DA:6,2
DA:7,1
DA:9,1
DA:13,1
DA:14,1
DA:15,1
DA:18,1
DA:20,1
DA:23,1
DA:24,1
LF:11
LH:11
BRDA:6,0,0,1
BRDA:6,0,1,1
BRDA:18,1,0,1
BRDA:18,1,1,1
BRF:4
BRH:4
end_of_record
TN:
SF:src/helpers/onbeforeunloadEvent.ts
FN:7,(anonymous_0)
FNF:1
FNH:1
FNDA:2,(anonymous_0)
DA:7,6
DA:8,2
DA:9,2
DA:11,2
DA:12,2
DA:13,2
DA:15,2
LF:7
LH:7
BRDA:8,0,0,2
BRDA:9,1,0,2
BRDA:9,1,1,1
BRDA:12,2,0,2
BRF:4
BRH:4
end_of_record
TN:
SF:src/helpers/previewer.ts
FN:1,(anonymous_0)
FNF:1
FNH:1
FNDA:4,(anonymous_0)
DA:1,4
DA:5,4
DA:6,3
DA:7,3
DA:8,3
DA:9,3
DA:10,3
DA:11,3
DA:12,3
DA:13,3
DA:14,3
DA:15,3
DA:16,3
DA:17,3
DA:18,3
DA:19,3
DA:20,3
DA:22,3
DA:23,3
LF:19
LH:19
BRDA:5,0,0,1
BRDA:5,1,0,4
BRDA:5,1,1,4
BRF:3
BRH:3
end_of_record
TN:
SF:src/helpers/profileHelper.ts
FN:15,(anonymous_8)
FN:24,(anonymous_9)
FN:57,(anonymous_10)
FN:60,(anonymous_11)
FNF:4
FNH:4
FNDA:3,(anonymous_8)
FNDA:3,(anonymous_9)
FNDA:3,(anonymous_10)
FNDA:3,(anonymous_11)
DA:1,1
DA:2,1
DA:15,1
DA:24,3
DA:25,3
DA:26,3
DA:31,3
DA:32,3
DA:33,2
DA:40,2
DA:41,2
DA:42,2
DA:43,1
DA:44,1
DA:46,3
DA:48,3
DA:57,1
DA:60,3
DA:61,3
DA:66,3
DA:67,3
DA:68,3
DA:69,2
DA:70,1
DA:72,2
DA:73,1
DA:76,1
DA:83,3
LF:28
LH:28
BRDA:32,0,0,2
BRDA:42,1,0,1
BRDA:42,1,1,1
BRDA:42,2,0,2
BRDA:42,2,1,1
BRDA:46,3,0,1
BRDA:69,4,0,1
BRDA:72,5,0,1
BRF:8
BRH:8
end_of_record
TN:
SF:src/helpers/progressTrackerHelpers.ts
FN:12,(anonymous_8)
FN:26,(anonymous_9)
FN:38,(anonymous_10)
FN:54,(anonymous_11)
FN:73,(anonymous_12)
FN:108,(anonymous_13)
FN:128,(anonymous_14)
FN:164,(anonymous_15)
FN:168,(anonymous_16)
FN:195,(anonymous_17)
FN:214,(anonymous_18)
FN:219,(anonymous_19)
FN:236,(anonymous_20)
FN:237,(anonymous_21)
FNF:14
FNH:14
FNDA:1,(anonymous_8)
FNDA:1,(anonymous_9)
FNDA:1,(anonymous_10)
FNDA:1,(anonymous_11)
FNDA:1,(anonymous_12)
FNDA:5,(anonymous_13)
FNDA:2,(anonymous_14)
FNDA:1,(anonymous_15)
FNDA:1,(anonymous_16)
FNDA:3,(anonymous_17)
FNDA:1,(anonymous_18)
FNDA:1,(anonymous_19)
FNDA:5,(anonymous_20)
FNDA:16,(anonymous_21)
DA:1,2
DA:4,2
DA:5,2
DA:12,2
DA:13,1
DA:14,1
DA:16,1
DA:26,2
DA:27,1
DA:28,1
DA:29,1
DA:38,2
DA:42,1
DA:44,1
DA:46,1
DA:47,1
DA:49,1
DA:55,1
DA:56,1
DA:57,1
DA:59,1
DA:73,2
DA:77,1
DA:79,1
DA:80,1
DA:81,1
DA:85,1
DA:87,1
DA:89,1
DA:91,1
DA:92,1
DA:93,1
DA:95,1
DA:96,1
DA:98,1
DA:105,1
DA:109,5
DA:110,5
DA:111,5
DA:114,1
DA:128,2
DA:135,2
DA:140,1
DA:141,1
DA:142,1
DA:146,1
DA:147,1
DA:149,1
DA:154,1
DA:164,2
DA:168,1
DA:169,1
DA:174,1
DA:175,1
DA:176,1
DA:181,0
DA:188,1
DA:189,1
DA:194,1
DA:195,3
DA:197,1
DA:199,1
DA:203,1
DA:214,2
DA:219,1
DA:228,1
DA:235,1
DA:236,1
DA:237,16
DA:240,1
DA:243,1
DA:244,1
DA:250,1
DA:251,0
DA:253,1
LF:75
LH:73
BRDA:44,0,0,0
BRDA:44,1,0,1
BRDA:44,1,1,1
BRDA:55,2,0,1
BRDA:55,2,1,1
BRDA:77,3,0,0
BRDA:80,4,0,0
BRDA:85,5,0,0
BRDA:89,6,0,0
BRDA:109,7,0,5
BRDA:109,7,1,5
BRDA:135,8,0,1
BRDA:136,9,0,2
BRDA:136,9,1,1
BRDA:136,9,2,0
BRDA:174,10,0,1
BRDA:188,11,0,0
BRDA:190,12,0,1
BRDA:190,12,1,0
BRDA:191,13,0,1
BRDA:191,13,1,0
BRDA:192,14,0,1
BRDA:192,14,1,0
BRDA:197,15,0,0
BRDA:235,16,0,0
BRDA:243,17,0,1
BRDA:243,18,0,1
BRDA:243,18,1,1
BRDA:250,19,0,0
BRF:29
BRH:16
end_of_record
TN:
SF:src/helpers/resume.ts
FN:24,(anonymous_8)
FN:33,(anonymous_9)
FN:63,(anonymous_10)
FN:71,(anonymous_11)
FN:102,(anonymous_12)
FN:113,(anonymous_13)
FN:117,(anonymous_14)
FN:149,(anonymous_15)
FN:187,(anonymous_16)
FN:195,(anonymous_17)
FN:202,(anonymous_18)
FN:223,(anonymous_19)
FN:228,(anonymous_20)
FN:262,(anonymous_21)
FN:287,(anonymous_22)
FN:299,(anonymous_23)
FN:322,(anonymous_24)
FN:348,(anonymous_25)
FN:358,(anonymous_26)
FN:384,(anonymous_27)
FNF:20
FNH:19
FNDA:5,(anonymous_8)
FNDA:5,(anonymous_9)
FNDA:3,(anonymous_10)
FNDA:3,(anonymous_11)
FNDA:1,(anonymous_12)
FNDA:1,(anonymous_13)
FNDA:0,(anonymous_14)
FNDA:2,(anonymous_15)
FNDA:3,(anonymous_16)
FNDA:3,(anonymous_17)
FNDA:2,(anonymous_18)
FNDA:4,(anonymous_19)
FNDA:4,(anonymous_20)
FNDA:3,(anonymous_21)
FNDA:1,(anonymous_22)
FNDA:2,(anonymous_23)
FNDA:1,(anonymous_24)
FNDA:5,(anonymous_25)
FNDA:5,(anonymous_26)
FNDA:5,(anonymous_27)
DA:1,2
DA:4,2
DA:24,2
DA:33,5
DA:34,5
DA:35,3
DA:36,3
DA:37,3
DA:38,3
DA:39,2
DA:41,1
DA:44,1
DA:51,3
DA:63,2
DA:71,3
DA:72,3
DA:73,1
DA:74,1
DA:75,1
DA:76,1
DA:79,1
DA:81,1
DA:88,1
DA:102,2
DA:113,1
DA:114,1
DA:116,1
DA:149,2
DA:162,2
DA:163,1
DA:164,1
DA:165,1
DA:166,1
DA:187,2
DA:195,3
DA:196,3
DA:197,3
DA:198,2
DA:199,2
DA:200,2
DA:201,2
DA:202,2
DA:203,1
DA:204,1
DA:206,1
DA:212,2
DA:223,2
DA:228,4
DA:229,4
DA:230,4
DA:231,3
DA:236,3
DA:238,1
DA:240,1
DA:242,1
DA:243,1
DA:244,1
DA:245,1
DA:246,1
DA:247,1
DA:248,1
DA:249,1
DA:262,2
DA:271,3
DA:272,2
DA:273,1
DA:274,1
DA:275,1
DA:277,2
DA:279,1
DA:287,2
DA:288,1
DA:299,2
DA:306,2
DA:307,1
DA:308,1
DA:310,1
DA:322,2
DA:329,1
DA:330,1
DA:331,1
DA:348,2
DA:358,5
DA:359,5
DA:361,5
DA:362,5
DA:363,5
DA:364,4
DA:370,4
DA:371,3
DA:372,3
DA:373,3
DA:382,3
DA:383,3
DA:384,5
DA:385,3
DA:386,2
DA:388,1
DA:390,3
DA:393,3
DA:395,3
DA:396,3
DA:397,3
DA:407,1
DA:409,1
DA:412,3
DA:414,1
DA:420,4
LF:108
LH:108
BRDA:34,0,0,2
BRDA:34,1,0,5
BRDA:34,1,1,4
BRDA:38,2,0,2
BRDA:38,2,1,1
BRDA:38,3,0,3
BRDA:38,3,1,2
BRDA:72,4,0,2
BRDA:72,5,0,3
BRDA:72,5,1,2
BRDA:76,6,0,0
BRDA:76,6,1,1
BRDA:76,7,0,1
BRDA:76,7,1,0
BRDA:162,8,0,1
BRDA:197,9,0,1
BRDA:201,10,0,1
BRDA:201,10,1,1
BRDA:201,11,0,2
BRDA:201,11,1,1
BRDA:230,12,0,3
BRDA:230,13,0,4
BRDA:230,13,1,2
BRDA:238,14,0,1
BRDA:238,14,1,0
BRDA:271,15,0,2
BRDA:271,15,1,1
BRDA:272,16,0,1
BRDA:272,17,0,2
BRDA:272,17,1,1
BRDA:306,18,0,1
BRDA:306,18,1,1
BRDA:363,19,0,1
BRDA:370,20,0,3
BRDA:370,20,1,1
BRDA:370,21,0,4
BRDA:370,21,1,3
BRDA:371,22,0,3
BRDA:372,23,0,3
BRDA:372,23,1,0
BRDA:383,24,0,3
BRDA:385,25,0,2
BRDA:385,25,1,1
BRDA:407,26,0,0
BRDA:407,26,1,1
BRF:45
BRH:40
end_of_record
TN:
SF:src/helpers/resumeCoverLetter.ts
FN:16,(anonymous_7)
FN:23,(anonymous_8)
FN:64,(anonymous_9)
FN:73,(anonymous_10)
FN:81,(anonymous_11)
FN:88,(anonymous_12)
FNF:6
FNH:6
FNDA:4,(anonymous_7)
FNDA:4,(anonymous_8)
FNDA:5,(anonymous_9)
FNDA:5,(anonymous_10)
FNDA:2,(anonymous_11)
FNDA:2,(anonymous_12)
DA:2,2
DA:3,2
DA:16,2
DA:23,4
DA:24,4
DA:25,4
DA:26,3
DA:27,3
DA:30,3
DA:31,1
DA:33,2
DA:34,2
DA:36,2
DA:38,2
DA:39,2
DA:40,2
DA:41,2
DA:42,2
DA:44,2
DA:45,2
DA:47,1
DA:48,1
DA:64,2
DA:73,5
DA:74,5
DA:75,5
DA:76,4
DA:77,4
DA:78,4
DA:79,2
DA:80,2
DA:81,2
DA:83,1
DA:84,1
DA:86,2
DA:87,2
DA:88,2
DA:89,1
DA:90,1
DA:92,2
DA:94,2
DA:96,2
DA:101,2
DA:103,2
LF:44
LH:44
BRDA:25,0,0,1
BRDA:30,1,0,2
BRDA:30,1,1,1
BRDA:33,2,0,2
BRDA:33,3,0,2
BRDA:33,3,1,2
BRDA:75,4,0,1
BRDA:78,5,0,2
BRDA:78,5,1,2
BRDA:80,6,0,1
BRDA:80,6,1,1
BRDA:80,7,0,2
BRDA:80,7,1,1
BRDA:87,8,0,1
BRDA:87,8,1,1
BRDA:87,9,0,2
BRDA:87,9,1,1
BRF:17
BRH:17
end_of_record
TN:
SF:src/helpers/taskBoardHelpers.ts
FN:13,(anonymous_8)
FN:34,(anonymous_9)
FN:44,(anonymous_10)
FN:68,(anonymous_11)
FN:72,(anonymous_12)
FN:106,(anonymous_13)
FN:111,(anonymous_14)
FN:124,(anonymous_15)
FN:125,(anonymous_16)
FNF:9
FNH:9
FNDA:2,(anonymous_8)
FNDA:3,(anonymous_9)
FNDA:2,(anonymous_10)
FNDA:5,(anonymous_11)
FNDA:5,(anonymous_12)
FNDA:4,(anonymous_13)
FNDA:4,(anonymous_14)
FNDA:9,(anonymous_15)
FNDA:7,(anonymous_16)
DA:1,2
DA:3,2
DA:4,2
DA:13,2
DA:18,2
DA:19,2
DA:20,2
DA:21,1
DA:22,1
DA:23,1
DA:34,2
DA:40,3
DA:41,3
DA:42,3
DA:43,2
DA:44,2
DA:46,2
DA:48,2
DA:49,1
DA:50,1
DA:51,1
DA:52,1
DA:55,1
DA:56,1
DA:58,2
DA:68,2
DA:72,5
DA:73,5
DA:77,5
DA:78,3
DA:79,3
DA:84,1
DA:89,1
DA:92,4
DA:93,2
DA:94,2
DA:95,2
DA:106,2
DA:111,4
DA:118,4
DA:123,4
DA:124,3
DA:125,9
DA:128,3
DA:131,3
DA:132,2
DA:138,3
DA:139,1
DA:142,4
LF:49
LH:49
BRDA:20,0,0,1
BRDA:42,1,0,1
BRDA:46,2,0,0
BRDA:48,3,0,1
BRDA:48,3,1,1
BRDA:49,4,0,1
BRDA:77,5,0,3
BRDA:92,6,0,2
BRDA:92,7,0,4
BRDA:92,7,1,4
BRDA:123,8,0,3
BRDA:131,9,0,2
BRDA:131,10,0,3
BRDA:131,10,1,2
BRDA:138,11,0,1
BRF:15
BRH:14
end_of_record
TN:
SF:src/helpers/templateMapper.ts
FN:1,(anonymous_0)
FN:15,(anonymous_1)
FN:16,(anonymous_2)
FN:44,(anonymous_3)
FN:48,(anonymous_4)
FN:51,(anonymous_5)
FN:52,(anonymous_6)
FN:58,(anonymous_7)
FN:67,(anonymous_8)
FN:100,(anonymous_9)
FN:102,(anonymous_10)
FN:128,(anonymous_11)
FN:147,(anonymous_12)
FN:192,(anonymous_13)
FN:219,(anonymous_14)
FN:269,(anonymous_15)
FN:293,(anonymous_16)
FN:313,(anonymous_17)
FN:324,(anonymous_18)
FN:332,(anonymous_19)
FN:334,(anonymous_20)
FN:347,(anonymous_21)
FN:355,(anonymous_22)
FN:398,(anonymous_23)
FN:428,(anonymous_24)
FN:444,(anonymous_25)
FN:452,(anonymous_26)
FN:457,(anonymous_27)
FN:468,(anonymous_28)
FN:469,(anonymous_29)
FN:471,(anonymous_30)
FN:506,(anonymous_31)
FN:510,(anonymous_32)
FNF:33
FNH:0
FNDA:0,(anonymous_0)
FNDA:0,(anonymous_1)
FNDA:0,(anonymous_2)
FNDA:0,(anonymous_3)
FNDA:0,(anonymous_4)
FNDA:0,(anonymous_5)
FNDA:0,(anonymous_6)
FNDA:0,(anonymous_7)
FNDA:0,(anonymous_8)
FNDA:0,(anonymous_9)
FNDA:0,(anonymous_10)
FNDA:0,(anonymous_11)
FNDA:0,(anonymous_12)
FNDA:0,(anonymous_13)
FNDA:0,(anonymous_14)
FNDA:0,(anonymous_15)
FNDA:0,(anonymous_16)
FNDA:0,(anonymous_17)
FNDA:0,(anonymous_18)
FNDA:0,(anonymous_19)
FNDA:0,(anonymous_20)
FNDA:0,(anonymous_21)
FNDA:0,(anonymous_22)
FNDA:0,(anonymous_23)
FNDA:0,(anonymous_24)
FNDA:0,(anonymous_25)
FNDA:0,(anonymous_26)
FNDA:0,(anonymous_27)
FNDA:0,(anonymous_28)
FNDA:0,(anonymous_29)
FNDA:0,(anonymous_30)
FNDA:0,(anonymous_31)
FNDA:0,(anonymous_32)
DA:1,3
DA:7,0
DA:13,0
DA:15,0
DA:16,0
DA:17,0
DA:18,0
DA:19,0
DA:20,0
DA:21,0
DA:22,0
DA:23,0
DA:25,0
DA:28,0
DA:29,0
DA:30,0
DA:31,0
DA:32,0
DA:35,0
DA:36,0
DA:38,0
DA:41,0
DA:44,0
DA:45,0
DA:48,0
DA:51,0
DA:52,0
DA:53,0
DA:55,0
DA:58,0
DA:59,0
DA:60,0
DA:61,0
DA:62,0
DA:64,0
DA:67,0
DA:68,0
DA:69,0
DA:70,0
DA:71,0
DA:73,0
DA:74,0
DA:76,0
DA:79,0
DA:80,0
DA:81,0
DA:82,0
DA:83,0
DA:84,0
DA:85,0
DA:86,0
DA:89,0
DA:90,0
DA:94,0
DA:95,0
DA:97,0
DA:100,0
DA:101,0
DA:102,0
DA:103,0
DA:104,0
DA:106,0
DA:107,0
DA:109,0
DA:111,0
DA:113,0
DA:116,0
DA:118,0
DA:126,0
DA:128,0
DA:138,0
DA:139,0
DA:140,0
DA:141,0
DA:142,0
DA:143,0
DA:145,0
DA:147,0
DA:148,0
DA:150,0
DA:151,0
DA:152,0
DA:153,0
DA:155,0
DA:158,0
DA:159,0
DA:160,0
DA:161,0
DA:163,0
DA:164,0
DA:165,0
DA:168,0
DA:171,0
DA:172,0
DA:173,0
DA:177,0
DA:179,0
DA:182,0
DA:184,0
DA:185,0
DA:187,0
DA:189,0
DA:191,0
DA:193,0
DA:197,0
DA:198,0
DA:199,0
DA:202,0
DA:203,0
DA:206,0
DA:207,0
DA:208,0
DA:209,0
DA:210,0
DA:211,0
DA:216,0
DA:219,0
DA:227,0
DA:228,0
DA:230,0
DA:231,0
DA:232,0
DA:235,0
DA:236,0
DA:237,0
DA:248,0
DA:249,0
DA:250,0
DA:254,0
DA:256,0
DA:259,0
DA:261,0
DA:262,0
DA:264,0
DA:266,0
DA:268,0
DA:270,0
DA:273,0
DA:274,0
DA:275,0
DA:278,0
DA:279,0
DA:281,0
DA:282,0
DA:283,0
DA:285,0
DA:286,0
DA:287,0
DA:293,0
DA:299,0
DA:301,0
DA:302,0
DA:304,0
DA:306,0
DA:309,0
DA:310,0
DA:311,0
DA:312,0
DA:313,0
DA:314,0
DA:319,0
DA:320,0
DA:321,0
DA:324,0
DA:325,0
DA:326,0
DA:327,0
DA:332,0
DA:333,0
DA:334,0
DA:335,0
DA:336,0
DA:337,0
DA:339,0
DA:347,0
DA:353,0
DA:354,0
DA:355,0
DA:356,0
DA:357,0
DA:358,0
DA:360,0
DA:361,0
DA:362,0
DA:363,0
DA:365,0
DA:370,0
DA:371,0
DA:372,0
DA:373,0
DA:375,0
DA:376,0
DA:378,0
DA:379,0
DA:382,0
DA:383,0
DA:384,0
DA:385,0
DA:386,0
DA:388,0
DA:389,0
DA:391,0
DA:392,0
DA:393,0
DA:397,0
DA:398,0
DA:399,0
DA:401,0
DA:402,0
DA:404,0
DA:405,0
DA:406,0
DA:407,0
DA:409,0
DA:410,0
DA:411,0
DA:415,0
DA:417,0
DA:419,0
DA:420,0
DA:421,0
DA:422,0
DA:423,0
DA:424,0
DA:425,0
DA:426,0
DA:427,0
DA:429,0
DA:432,0
DA:433,0
DA:434,0
DA:435,0
DA:436,0
DA:437,0
DA:444,0
DA:450,0
DA:451,0
DA:453,0
DA:454,0
DA:455,0
DA:456,0
DA:457,0
DA:458,0
DA:459,0
DA:460,0
DA:462,0
DA:468,0
DA:469,0
DA:470,0
DA:471,0
DA:472,0
DA:473,0
DA:474,0
DA:475,0
DA:476,0
DA:478,0
DA:481,0
DA:482,0
DA:483,0
DA:484,0
DA:486,0
DA:487,0
DA:490,0
DA:492,0
DA:494,0
DA:497,0
DA:498,0
DA:499,0
DA:500,0
DA:502,0
DA:505,0
DA:506,0
DA:507,0
DA:509,0
DA:510,0
DA:511,0
DA:512,0
DA:513,0
DA:518,0
DA:521,3
LF:280
LH:2
BRDA:7,0,0,0
BRDA:8,1,0,0
BRDA:8,1,1,0
BRDA:8,1,2,0
BRDA:8,1,3,0
BRDA:18,2,0,0
BRDA:19,3,0,0
BRDA:19,4,0,0
BRDA:19,4,1,0
BRDA:20,5,0,0
BRDA:21,6,0,0
BRDA:22,7,0,0
BRDA:22,7,1,0
BRDA:28,8,0,0
BRDA:29,9,0,0
BRDA:30,10,0,0
BRDA:30,11,0,0
BRDA:30,11,1,0
BRDA:35,12,0,0
BRDA:35,13,0,0
BRDA:35,13,1,0
BRDA:44,14,0,0
BRDA:45,15,0,0
BRDA:45,15,1,0
BRDA:47,16,0,0
BRDA:47,16,1,0
BRDA:69,17,0,0
BRDA:73,18,0,0
BRDA:73,18,1,0
BRDA:73,19,0,0
BRDA:73,19,1,0
BRDA:79,20,0,0
BRDA:81,21,0,0
BRDA:81,21,1,0
BRDA:84,22,0,0
BRDA:85,23,0,0
BRDA:86,24,0,0
BRDA:89,25,0,0
BRDA:90,26,0,0
BRDA:94,27,0,0
BRDA:103,28,0,0
BRDA:106,29,0,0
BRDA:106,30,0,0
BRDA:106,30,1,0
BRDA:140,31,0,0
BRDA:145,32,0,0
BRDA:148,33,0,0
BRDA:155,34,0,0
BRDA:158,35,0,0
BRDA:158,35,1,0
BRDA:163,36,0,0
BRDA:171,37,0,0
BRDA:171,37,1,0
BRDA:185,38,0,0
BRDA:185,39,0,0
BRDA:185,39,1,0
BRDA:202,40,0,0
BRDA:209,41,0,0
BRDA:209,42,0,0
BRDA:209,42,1,0
BRDA:232,43,0,0
BRDA:236,44,0,0
BRDA:236,44,1,0
BRDA:248,45,0,0
BRDA:248,45,1,0
BRDA:262,46,0,0
BRDA:278,47,0,0
BRDA:285,48,0,0
BRDA:299,49,0,0
BRDA:309,50,0,0
BRDA:309,50,1,0
BRDA:333,51,0,0
BRDA:333,52,0,0
BRDA:333,52,1,0
BRDA:356,53,0,0
BRDA:357,54,0,0
BRDA:357,54,1,0
BRDA:360,55,0,0
BRDA:362,56,0,0
BRDA:362,56,1,0
BRDA:362,57,0,0
BRDA:362,57,1,0
BRDA:370,58,0,0
BRDA:370,59,0,0
BRDA:370,59,1,0
BRDA:371,60,0,0
BRDA:375,61,0,0
BRDA:376,62,0,0
BRDA:383,63,0,0
BRDA:384,64,0,0
BRDA:392,65,0,0
BRDA:407,66,0,0
BRDA:409,67,0,0
BRDA:409,67,1,0
BRDA:435,68,0,0
BRDA:437,69,0,0
BRDA:437,69,1,0
BRDA:451,70,0,0
BRDA:451,70,1,0
BRDA:458,71,0,0
BRDA:459,72,0,0
BRDA:459,72,1,0
BRDA:474,73,0,0
BRDA:474,74,0,0
BRDA:474,74,1,0
BRDA:475,75,0,0
BRDA:475,75,1,0
BRDA:481,76,0,0
BRDA:481,77,0,0
BRDA:481,77,1,0
BRDA:482,78,0,0
BRDA:486,79,0,0
BRDA:487,80,0,0
BRDA:502,81,0,0
BRDA:502,81,1,0
BRDA:509,82,0,0
BRDA:512,83,0,0
BRF:117
BRH:0
end_of_record
TN:
SF:src/hooks/detectMultiOusideClick.ts
FN:9,(anonymous_0)
FN:14,(anonymous_1)
FN:17,(anonymous_2)
FN:22,(anonymous_3)
FNF:4
FNH:4
FNDA:28,(anonymous_0)
FNDA:10,(anonymous_1)
FNDA:10,(anonymous_2)
FNDA:4,(anonymous_3)
DA:1,2
DA:9,2
DA:13,28
DA:14,28
DA:15,10
DA:16,10
DA:17,10
DA:18,10
DA:22,28
DA:23,4
DA:24,4
DA:26,4
DA:27,1
DA:28,3
DA:29,2
DA:30,2
DA:34,28
DA:37,2
LF:18
LH:18
BRDA:15,0,0,0
BRDA:15,1,0,10
BRDA:15,1,1,10
BRDA:23,2,0,0
BRDA:23,3,0,4
BRDA:23,3,1,4
BRDA:26,4,0,1
BRDA:26,5,0,4
BRDA:26,5,1,4
BRDA:26,5,2,4
BRDA:28,6,0,2
BRDA:29,7,0,0
BRF:12
BRH:9
end_of_record
TN:
SF:src/hooks/detectOutsideClick.ts
FN:7,(anonymous_0)
FN:11,(anonymous_1)
FN:20,(anonymous_2)
FN:23,(anonymous_3)
FNF:4
FNH:4
FNDA:2,(anonymous_0)
FNDA:3,(anonymous_1)
FNDA:2,(anonymous_2)
FNDA:2,(anonymous_3)
DA:1,1
DA:7,1
DA:8,2
DA:9,2
DA:11,2
DA:12,3
DA:13,3
DA:14,1
DA:16,2
DA:20,2
DA:21,2
DA:22,2
DA:23,2
DA:24,2
DA:28,2
DA:31,1
LF:16
LH:16
BRDA:12,0,0,0
BRDA:12,1,0,3
BRDA:12,1,1,3
BRDA:13,2,0,1
BRDA:13,2,1,2
BRDA:21,3,0,0
BRDA:21,4,0,2
BRDA:21,4,1,2
BRF:8
BRH:6
end_of_record
TN:
SF:src/hooks/getQuery.ts
FN:12,(anonymous_8)
FN:15,(anonymous_9)
FN:15,(anonymous_10)
FNF:3
FNH:3
FNDA:3,(anonymous_8)
FNDA:1,(anonymous_9)
FNDA:1,(anonymous_10)
DA:1,7
DA:2,7
DA:3,7
DA:12,7
DA:13,3
DA:14,3
DA:15,3
DA:16,1
DA:17,1
DA:20,3
DA:23,7
LF:11
LH:11
BRDA:14,0,0,3
BRDA:14,0,1,3
BRDA:20,1,0,3
BRDA:20,1,1,2
BRF:4
BRH:4
end_of_record
TN:
SF:src/hooks/getQueryAdvance.ts
FN:12,(anonymous_0)
FNF:1
FNH:1
FNDA:5,(anonymous_0)
DA:1,13
DA:2,13
DA:12,13
DA:21,5
DA:22,5
DA:24,5
DA:30,13
LF:7
LH:7
BRDA:15,0,0,3
BRDA:22,1,0,5
BRDA:22,1,1,5
BRDA:25,2,0,5
BRDA:25,2,1,2
BRDA:25,2,2,2
BRF:6
BRH:6
end_of_record
TN:
SF:src/hooks/useExitPromt.ts
FN:9,useExitPrompt
FN:12,(anonymous_1)
FN:13,(anonymous_2)
FN:18,(anonymous_3)
FN:22,(anonymous_4)
FNF:5
FNH:3
FNDA:28,useExitPrompt
FNDA:8,(anonymous_1)
FNDA:0,(anonymous_2)
FNDA:0,(anonymous_3)
FNDA:8,(anonymous_4)
DA:1,5
DA:2,5
DA:9,5
DA:10,28
DA:12,28
DA:13,8
DA:14,0
DA:18,28
DA:19,0
DA:22,28
DA:23,8
DA:26,28
LF:12
LH:10
BRF:0
BRH:0
end_of_record
